[2024-01-30 05:54:53,486] - [com.zaxxer.hikari.pool.HikariPool] [run] -> (WARN) [HikariPool-1 - Thread starvation or clock leap detected (housekeeper delta=7h7m59s147ms722µs800ns).] 
[2024-01-30 10:34:57,080] - [com.zaxxer.hikari.pool.HikariPool] [run] -> (WARN) [HikariPool-1 - Thread starvation or clock leap detected (housekeeper delta=4h40m8s74ms220µs900ns).] 
[2024-01-30 11:49:13,591] - [org.springframework.orm.jpa.LocalContainerEntityManagerFactoryBean] [destroy] -> (INFO) [Closing JPA EntityManagerFactory for persistence unit 'default'] 
[2024-01-30 11:49:13,623] - [com.zaxxer.hikari.HikariDataSource] [close] -> (INFO) [HikariPool-1 - Shutdown initiated...] 
[2024-01-30 11:49:13,643] - [com.zaxxer.hikari.HikariDataSource] [close] -> (INFO) [HikariPool-1 - Shutdown completed.] 
[2024-01-30 12:26:21,603] - [com.example.firstSpringProject.FirstSpringProjectApplication] [logStarting] -> (INFO) [Starting FirstSpringProjectApplication using Java 21.0.2 with PID 42812 (C:\Spring-BootPractice\firstSpringProject\firstSpringProject\target\classes started by amit_k in C:\Spring-BootPractice\firstSpringProject\firstSpringProject)] 
[2024-01-30 12:26:21,613] - [com.example.firstSpringProject.FirstSpringProjectApplication] [logStartupProfileInfo] -> (INFO) [No active profile set, falling back to 1 default profile: "default"] 
[2024-01-30 12:26:21,666] - [org.springframework.boot.devtools.env.DevToolsPropertyDefaultsPostProcessor] [logTo] -> (INFO) [Devtools property defaults active! Set 'spring.devtools.add-properties' to 'false' to disable] 
[2024-01-30 12:26:21,666] - [org.springframework.boot.devtools.env.DevToolsPropertyDefaultsPostProcessor] [logTo] -> (INFO) [For additional web related logging consider setting the 'logging.level.web' property to 'DEBUG'] 
[2024-01-30 12:26:22,370] - [org.springframework.data.repository.config.RepositoryConfigurationDelegate] [registerRepositoriesIn] -> (INFO) [Bootstrapping Spring Data JPA repositories in DEFAULT mode.] 
[2024-01-30 12:26:22,452] - [org.springframework.data.repository.config.RepositoryConfigurationDelegate] [registerRepositoriesIn] -> (INFO) [Finished Spring Data repository scanning in 69 ms. Found 1 JPA repository interface.] 
[2024-01-30 12:26:23,038] - [org.springframework.boot.web.embedded.tomcat.TomcatWebServer] [initialize] -> (INFO) [Tomcat initialized with port 8080 (http)] 
[2024-01-30 12:26:23,050] - [org.apache.coyote.http11.Http11NioProtocol] [log] -> (INFO) [Initializing ProtocolHandler ["http-nio-8080"]] 
[2024-01-30 12:26:23,052] - [org.apache.catalina.core.StandardService] [log] -> (INFO) [Starting service [Tomcat]] 
[2024-01-30 12:26:23,052] - [org.apache.catalina.core.StandardEngine] [log] -> (INFO) [Starting Servlet engine: [Apache Tomcat/10.1.18]] 
[2024-01-30 12:26:23,146] - [org.apache.catalina.core.ContainerBase.[Tomcat].[localhost].[/]] [log] -> (INFO) [Initializing Spring embedded WebApplicationContext] 
[2024-01-30 12:26:23,147] - [org.springframework.boot.web.servlet.context.ServletWebServerApplicationContext] [prepareWebApplicationContext] -> (INFO) [Root WebApplicationContext: initialization completed in 1480 ms] 
[2024-01-30 12:26:23,346] - [org.hibernate.jpa.internal.util.LogHelper] [logPersistenceUnitInformation] -> (INFO) [HHH000204: Processing PersistenceUnitInfo [name: default]] 
[2024-01-30 12:26:23,439] - [org.hibernate.Version] [logVersion] -> (INFO) [HHH000412: Hibernate ORM core version 6.4.1.Final] 
[2024-01-30 12:26:23,485] - [org.hibernate.cache.internal.RegionFactoryInitiator] [initiateService] -> (INFO) [HHH000026: Second-level cache disabled] 
[2024-01-30 12:26:23,751] - [org.springframework.orm.jpa.persistenceunit.SpringPersistenceUnitInfo] [addTransformer] -> (INFO) [No LoadTimeWeaver setup: ignoring JPA class transformer] 
[2024-01-30 12:26:23,780] - [com.zaxxer.hikari.HikariDataSource] [getConnection] -> (INFO) [HikariPool-1 - Starting...] 
[2024-01-30 12:26:24,320] - [com.zaxxer.hikari.pool.HikariPool] [checkFailFast] -> (INFO) [HikariPool-1 - Added connection com.mysql.cj.jdbc.ConnectionImpl@13616e93] 
[2024-01-30 12:26:24,320] - [com.zaxxer.hikari.HikariDataSource] [getConnection] -> (INFO) [HikariPool-1 - Start completed.] 
[2024-01-30 12:26:25,165] - [org.hibernate.engine.transaction.jta.platform.internal.JtaPlatformInitiator] [initiateService] -> (INFO) [HHH000489: No JTA platform available (set 'hibernate.transaction.jta.platform' to enable JTA platform integration)] 
[2024-01-30 12:26:25,222] - [org.springframework.orm.jpa.LocalContainerEntityManagerFactoryBean] [buildNativeEntityManagerFactory] -> (INFO) [Initialized JPA EntityManagerFactory for persistence unit 'default'] 
[2024-01-30 12:26:25,523] - [org.springframework.boot.autoconfigure.orm.jpa.JpaBaseConfiguration$JpaWebConfiguration] [openEntityManagerInViewInterceptor] -> (WARN) [spring.jpa.open-in-view is enabled by default. Therefore, database queries may be performed during view rendering. Explicitly configure spring.jpa.open-in-view to disable this warning] 
[2024-01-30 12:26:25,891] - [org.springframework.boot.devtools.autoconfigure.OptionalLiveReloadServer] [startServer] -> (INFO) [LiveReload server is running on port 35729] 
[2024-01-30 12:26:25,903] - [org.apache.coyote.http11.Http11NioProtocol] [log] -> (INFO) [Starting ProtocolHandler ["http-nio-8080"]] 
[2024-01-30 12:26:25,939] - [org.springframework.boot.web.embedded.tomcat.TomcatWebServer] [start] -> (INFO) [Tomcat started on port 8080 (http) with context path ''] 
[2024-01-30 12:26:25,939] - [com.example.firstSpringProject.FirstSpringProjectApplication] [logStarted] -> (INFO) [Started FirstSpringProjectApplication in 4.673 seconds (process running for 6.993)] 
[2024-01-30 12:26:25,939] - [com.example.firstSpringProject.FirstSpringProjectApplication] [main] -> (INFO) [this is first info] 
[2024-01-30 12:26:31,813] - [org.apache.catalina.core.ContainerBase.[Tomcat].[localhost].[/]] [log] -> (INFO) [Initializing Spring DispatcherServlet 'dispatcherServlet'] 
[2024-01-30 12:26:31,813] - [org.springframework.web.servlet.DispatcherServlet] [initServletBean] -> (INFO) [Initializing Servlet 'dispatcherServlet'] 
[2024-01-30 12:26:31,813] - [org.springframework.web.servlet.DispatcherServlet] [initServletBean] -> (INFO) [Completed initialization in 0 ms] 
[2024-01-30 12:26:31,911] - [org.apache.catalina.core.ContainerBase.[Tomcat].[localhost].[/].[dispatcherServlet]] [log] -> (ERROR) [Servlet.service() for servlet [dispatcherServlet] in context with path [] threw exception [Request processing failed: com.example.firstSpringProject.exception.EmployeeNotFoundException: Could not find Employee by given Employee Id :3] with root cause] 
com.example.firstSpringProject.exception.EmployeeNotFoundException: Could not find Employee by given Employee Id :3
	at com.example.firstSpringProject.serviceImpl.EmployeeServiceImpl.lambda$getEmployeeById$0(EmployeeServiceImpl.java:29) ~[classes/:?]
	at java.base/java.util.Optional.orElseThrow(Optional.java:403) ~[?:?]
	at com.example.firstSpringProject.serviceImpl.EmployeeServiceImpl.getEmployeeById(EmployeeServiceImpl.java:29) ~[classes/:?]
	at com.example.firstSpringProject.controller.EmployeeController.getEmployeeDetailsById(EmployeeController.java:57) ~[classes/:?]
	at java.base/jdk.internal.reflect.DirectMethodHandleAccessor.invoke(DirectMethodHandleAccessor.java:103) ~[?:?]
	at java.base/java.lang.reflect.Method.invoke(Method.java:580) ~[?:?]
	at org.springframework.web.method.support.InvocableHandlerMethod.doInvoke(InvocableHandlerMethod.java:261) ~[spring-web-6.1.3.jar:6.1.3]
	at org.springframework.web.method.support.InvocableHandlerMethod.invokeForRequest(InvocableHandlerMethod.java:189) ~[spring-web-6.1.3.jar:6.1.3]
	at org.springframework.web.servlet.mvc.method.annotation.ServletInvocableHandlerMethod.invokeAndHandle(ServletInvocableHandlerMethod.java:118) ~[spring-webmvc-6.1.3.jar:6.1.3]
	at org.springframework.web.servlet.mvc.method.annotation.RequestMappingHandlerAdapter.invokeHandlerMethod(RequestMappingHandlerAdapter.java:917) ~[spring-webmvc-6.1.3.jar:6.1.3]
	at org.springframework.web.servlet.mvc.method.annotation.RequestMappingHandlerAdapter.handleInternal(RequestMappingHandlerAdapter.java:829) ~[spring-webmvc-6.1.3.jar:6.1.3]
	at org.springframework.web.servlet.mvc.method.AbstractHandlerMethodAdapter.handle(AbstractHandlerMethodAdapter.java:87) ~[spring-webmvc-6.1.3.jar:6.1.3]
	at org.springframework.web.servlet.DispatcherServlet.doDispatch(DispatcherServlet.java:1089) ~[spring-webmvc-6.1.3.jar:6.1.3]
	at org.springframework.web.servlet.DispatcherServlet.doService(DispatcherServlet.java:979) ~[spring-webmvc-6.1.3.jar:6.1.3]
	at org.springframework.web.servlet.FrameworkServlet.processRequest(FrameworkServlet.java:1014) ~[spring-webmvc-6.1.3.jar:6.1.3]
	at org.springframework.web.servlet.FrameworkServlet.doGet(FrameworkServlet.java:903) ~[spring-webmvc-6.1.3.jar:6.1.3]
	at jakarta.servlet.http.HttpServlet.service(HttpServlet.java:564) ~[tomcat-embed-core-10.1.18.jar:6.0]
	at org.springframework.web.servlet.FrameworkServlet.service(FrameworkServlet.java:885) ~[spring-webmvc-6.1.3.jar:6.1.3]
	at jakarta.servlet.http.HttpServlet.service(HttpServlet.java:658) ~[tomcat-embed-core-10.1.18.jar:6.0]
	at org.apache.catalina.core.ApplicationFilterChain.internalDoFilter(ApplicationFilterChain.java:205) ~[tomcat-embed-core-10.1.18.jar:10.1.18]
	at org.apache.catalina.core.ApplicationFilterChain.doFilter(ApplicationFilterChain.java:149) ~[tomcat-embed-core-10.1.18.jar:10.1.18]
	at org.apache.tomcat.websocket.server.WsFilter.doFilter(WsFilter.java:51) ~[tomcat-embed-websocket-10.1.18.jar:10.1.18]
	at org.apache.catalina.core.ApplicationFilterChain.internalDoFilter(ApplicationFilterChain.java:174) ~[tomcat-embed-core-10.1.18.jar:10.1.18]
	at org.apache.catalina.core.ApplicationFilterChain.doFilter(ApplicationFilterChain.java:149) ~[tomcat-embed-core-10.1.18.jar:10.1.18]
	at org.springframework.web.filter.RequestContextFilter.doFilterInternal(RequestContextFilter.java:100) ~[spring-web-6.1.3.jar:6.1.3]
	at org.springframework.web.filter.OncePerRequestFilter.doFilter(OncePerRequestFilter.java:116) ~[spring-web-6.1.3.jar:6.1.3]
	at org.apache.catalina.core.ApplicationFilterChain.internalDoFilter(ApplicationFilterChain.java:174) ~[tomcat-embed-core-10.1.18.jar:10.1.18]
	at org.apache.catalina.core.ApplicationFilterChain.doFilter(ApplicationFilterChain.java:149) ~[tomcat-embed-core-10.1.18.jar:10.1.18]
	at org.springframework.web.filter.FormContentFilter.doFilterInternal(FormContentFilter.java:93) ~[spring-web-6.1.3.jar:6.1.3]
	at org.springframework.web.filter.OncePerRequestFilter.doFilter(OncePerRequestFilter.java:116) ~[spring-web-6.1.3.jar:6.1.3]
	at org.apache.catalina.core.ApplicationFilterChain.internalDoFilter(ApplicationFilterChain.java:174) ~[tomcat-embed-core-10.1.18.jar:10.1.18]
	at org.apache.catalina.core.ApplicationFilterChain.doFilter(ApplicationFilterChain.java:149) ~[tomcat-embed-core-10.1.18.jar:10.1.18]
	at org.springframework.web.filter.CharacterEncodingFilter.doFilterInternal(CharacterEncodingFilter.java:201) ~[spring-web-6.1.3.jar:6.1.3]
	at org.springframework.web.filter.OncePerRequestFilter.doFilter(OncePerRequestFilter.java:116) ~[spring-web-6.1.3.jar:6.1.3]
	at org.apache.catalina.core.ApplicationFilterChain.internalDoFilter(ApplicationFilterChain.java:174) ~[tomcat-embed-core-10.1.18.jar:10.1.18]
	at org.apache.catalina.core.ApplicationFilterChain.doFilter(ApplicationFilterChain.java:149) ~[tomcat-embed-core-10.1.18.jar:10.1.18]
	at org.apache.catalina.core.StandardWrapperValve.invoke(StandardWrapperValve.java:167) ~[tomcat-embed-core-10.1.18.jar:10.1.18]
	at org.apache.catalina.core.StandardContextValve.invoke(StandardContextValve.java:90) ~[tomcat-embed-core-10.1.18.jar:10.1.18]
	at org.apache.catalina.authenticator.AuthenticatorBase.invoke(AuthenticatorBase.java:482) ~[tomcat-embed-core-10.1.18.jar:10.1.18]
	at org.apache.catalina.core.StandardHostValve.invoke(StandardHostValve.java:115) ~[tomcat-embed-core-10.1.18.jar:10.1.18]
	at org.apache.catalina.valves.ErrorReportValve.invoke(ErrorReportValve.java:93) ~[tomcat-embed-core-10.1.18.jar:10.1.18]
	at org.apache.catalina.core.StandardEngineValve.invoke(StandardEngineValve.java:74) ~[tomcat-embed-core-10.1.18.jar:10.1.18]
	at org.apache.catalina.connector.CoyoteAdapter.service(CoyoteAdapter.java:340) ~[tomcat-embed-core-10.1.18.jar:10.1.18]
	at org.apache.coyote.http11.Http11Processor.service(Http11Processor.java:391) ~[tomcat-embed-core-10.1.18.jar:10.1.18]
	at org.apache.coyote.AbstractProcessorLight.process(AbstractProcessorLight.java:63) ~[tomcat-embed-core-10.1.18.jar:10.1.18]
	at org.apache.coyote.AbstractProtocol$ConnectionHandler.process(AbstractProtocol.java:896) ~[tomcat-embed-core-10.1.18.jar:10.1.18]
	at org.apache.tomcat.util.net.NioEndpoint$SocketProcessor.doRun(NioEndpoint.java:1744) ~[tomcat-embed-core-10.1.18.jar:10.1.18]
	at org.apache.tomcat.util.net.SocketProcessorBase.run(SocketProcessorBase.java:52) ~[tomcat-embed-core-10.1.18.jar:10.1.18]
	at org.apache.tomcat.util.threads.ThreadPoolExecutor.runWorker(ThreadPoolExecutor.java:1191) ~[tomcat-embed-core-10.1.18.jar:10.1.18]
	at org.apache.tomcat.util.threads.ThreadPoolExecutor$Worker.run(ThreadPoolExecutor.java:659) ~[tomcat-embed-core-10.1.18.jar:10.1.18]
	at org.apache.tomcat.util.threads.TaskThread$WrappingRunnable.run(TaskThread.java:61) ~[tomcat-embed-core-10.1.18.jar:10.1.18]
	at java.base/java.lang.Thread.run(Thread.java:1583) [?:?]
[2024-01-30 13:09:15,745] - [org.springframework.orm.jpa.LocalContainerEntityManagerFactoryBean] [destroy] -> (INFO) [Closing JPA EntityManagerFactory for persistence unit 'default'] 
[2024-01-30 13:09:15,751] - [com.zaxxer.hikari.HikariDataSource] [close] -> (INFO) [HikariPool-1 - Shutdown initiated...] 
[2024-01-30 13:09:15,765] - [com.zaxxer.hikari.HikariDataSource] [close] -> (INFO) [HikariPool-1 - Shutdown completed.] 
[2024-01-30 13:12:20,904] - [com.example.firstSpringProject.FirstSpringProjectApplication] [logStarting] -> (INFO) [Starting FirstSpringProjectApplication using Java 21.0.2 with PID 10828 (C:\Spring-BootPractice\firstSpringProject\firstSpringProject\target\classes started by amit_k in C:\Spring-BootPractice\firstSpringProject\firstSpringProject)] 
[2024-01-30 13:12:20,915] - [com.example.firstSpringProject.FirstSpringProjectApplication] [logStartupProfileInfo] -> (INFO) [No active profile set, falling back to 1 default profile: "default"] 
[2024-01-30 13:12:20,974] - [org.springframework.boot.devtools.env.DevToolsPropertyDefaultsPostProcessor] [logTo] -> (INFO) [Devtools property defaults active! Set 'spring.devtools.add-properties' to 'false' to disable] 
[2024-01-30 13:12:20,974] - [org.springframework.boot.devtools.env.DevToolsPropertyDefaultsPostProcessor] [logTo] -> (INFO) [For additional web related logging consider setting the 'logging.level.web' property to 'DEBUG'] 
[2024-01-30 13:12:21,945] - [org.springframework.data.repository.config.RepositoryConfigurationDelegate] [registerRepositoriesIn] -> (INFO) [Bootstrapping Spring Data JPA repositories in DEFAULT mode.] 
[2024-01-30 13:12:22,060] - [org.springframework.data.repository.config.RepositoryConfigurationDelegate] [registerRepositoriesIn] -> (INFO) [Finished Spring Data repository scanning in 100 ms. Found 1 JPA repository interface.] 
[2024-01-30 13:12:22,892] - [org.springframework.boot.web.embedded.tomcat.TomcatWebServer] [initialize] -> (INFO) [Tomcat initialized with port 8081 (http)] 
[2024-01-30 13:12:22,912] - [org.apache.coyote.http11.Http11NioProtocol] [log] -> (INFO) [Initializing ProtocolHandler ["http-nio-8081"]] 
[2024-01-30 13:12:22,912] - [org.apache.catalina.core.StandardService] [log] -> (INFO) [Starting service [Tomcat]] 
[2024-01-30 13:12:22,912] - [org.apache.catalina.core.StandardEngine] [log] -> (INFO) [Starting Servlet engine: [Apache Tomcat/10.1.18]] 
[2024-01-30 13:12:23,038] - [org.apache.catalina.core.ContainerBase.[Tomcat].[localhost].[/]] [log] -> (INFO) [Initializing Spring embedded WebApplicationContext] 
[2024-01-30 13:12:23,040] - [org.springframework.boot.web.servlet.context.ServletWebServerApplicationContext] [prepareWebApplicationContext] -> (INFO) [Root WebApplicationContext: initialization completed in 2060 ms] 
[2024-01-30 13:12:23,309] - [org.hibernate.jpa.internal.util.LogHelper] [logPersistenceUnitInformation] -> (INFO) [HHH000204: Processing PersistenceUnitInfo [name: default]] 
[2024-01-30 13:12:23,407] - [org.hibernate.Version] [logVersion] -> (INFO) [HHH000412: Hibernate ORM core version 6.4.1.Final] 
[2024-01-30 13:12:23,470] - [org.hibernate.cache.internal.RegionFactoryInitiator] [initiateService] -> (INFO) [HHH000026: Second-level cache disabled] 
[2024-01-30 13:12:23,827] - [org.springframework.orm.jpa.persistenceunit.SpringPersistenceUnitInfo] [addTransformer] -> (INFO) [No LoadTimeWeaver setup: ignoring JPA class transformer] 
[2024-01-30 13:12:23,859] - [com.zaxxer.hikari.HikariDataSource] [getConnection] -> (INFO) [HikariPool-1 - Starting...] 
[2024-01-30 13:12:24,419] - [com.zaxxer.hikari.pool.HikariPool] [checkFailFast] -> (INFO) [HikariPool-1 - Added connection com.mysql.cj.jdbc.ConnectionImpl@173318e] 
[2024-01-30 13:12:24,421] - [com.zaxxer.hikari.HikariDataSource] [getConnection] -> (INFO) [HikariPool-1 - Start completed.] 
[2024-01-30 13:12:25,579] - [org.hibernate.engine.transaction.jta.platform.internal.JtaPlatformInitiator] [initiateService] -> (INFO) [HHH000489: No JTA platform available (set 'hibernate.transaction.jta.platform' to enable JTA platform integration)] 
[2024-01-30 13:12:25,626] - [org.springframework.orm.jpa.LocalContainerEntityManagerFactoryBean] [buildNativeEntityManagerFactory] -> (INFO) [Initialized JPA EntityManagerFactory for persistence unit 'default'] 
[2024-01-30 13:12:26,048] - [org.springframework.boot.autoconfigure.orm.jpa.JpaBaseConfiguration$JpaWebConfiguration] [openEntityManagerInViewInterceptor] -> (WARN) [spring.jpa.open-in-view is enabled by default. Therefore, database queries may be performed during view rendering. Explicitly configure spring.jpa.open-in-view to disable this warning] 
[2024-01-30 13:12:26,576] - [org.springframework.boot.devtools.autoconfigure.OptionalLiveReloadServer] [startServer] -> (WARN) [Unable to start LiveReload server] 
[2024-01-30 13:12:26,591] - [org.apache.coyote.http11.Http11NioProtocol] [log] -> (INFO) [Starting ProtocolHandler ["http-nio-8081"]] 
[2024-01-30 13:12:26,639] - [org.springframework.boot.web.embedded.tomcat.TomcatWebServer] [start] -> (INFO) [Tomcat started on port 8081 (http) with context path ''] 
[2024-01-30 13:12:26,644] - [com.example.firstSpringProject.FirstSpringProjectApplication] [logStarted] -> (INFO) [Started FirstSpringProjectApplication in 6.219 seconds (process running for 9.311)] 
[2024-01-30 13:12:26,644] - [com.example.firstSpringProject.FirstSpringProjectApplication] [main] -> (INFO) [this is first info] 
[2024-01-30 13:12:45,229] - [org.apache.catalina.core.ContainerBase.[Tomcat].[localhost].[/]] [log] -> (INFO) [Initializing Spring DispatcherServlet 'dispatcherServlet'] 
[2024-01-30 13:12:45,229] - [org.springframework.web.servlet.DispatcherServlet] [initServletBean] -> (INFO) [Initializing Servlet 'dispatcherServlet'] 
[2024-01-30 13:12:45,234] - [org.springframework.web.servlet.DispatcherServlet] [initServletBean] -> (INFO) [Completed initialization in 5 ms] 
[2024-01-30 13:14:24,620] - [org.springframework.orm.jpa.LocalContainerEntityManagerFactoryBean] [destroy] -> (INFO) [Closing JPA EntityManagerFactory for persistence unit 'default'] 
[2024-01-30 13:14:24,620] - [com.zaxxer.hikari.HikariDataSource] [close] -> (INFO) [HikariPool-1 - Shutdown initiated...] 
[2024-01-30 13:14:24,648] - [com.zaxxer.hikari.HikariDataSource] [close] -> (INFO) [HikariPool-1 - Shutdown completed.] 
[2024-01-30 13:14:35,671] - [com.example.firstSpringProject.FirstSpringProjectApplication] [logStarting] -> (INFO) [Starting FirstSpringProjectApplication using Java 21.0.2 with PID 18428 (C:\Spring-BootPractice\firstSpringProject\firstSpringProject\target\classes started by amit_k in C:\Spring-BootPractice\firstSpringProject\firstSpringProject)] 
[2024-01-30 13:14:35,684] - [com.example.firstSpringProject.FirstSpringProjectApplication] [logStartupProfileInfo] -> (INFO) [No active profile set, falling back to 1 default profile: "default"] 
[2024-01-30 13:14:35,745] - [org.springframework.boot.devtools.env.DevToolsPropertyDefaultsPostProcessor] [logTo] -> (INFO) [Devtools property defaults active! Set 'spring.devtools.add-properties' to 'false' to disable] 
[2024-01-30 13:14:35,745] - [org.springframework.boot.devtools.env.DevToolsPropertyDefaultsPostProcessor] [logTo] -> (INFO) [For additional web related logging consider setting the 'logging.level.web' property to 'DEBUG'] 
[2024-01-30 13:14:36,567] - [org.springframework.data.repository.config.RepositoryConfigurationDelegate] [registerRepositoriesIn] -> (INFO) [Bootstrapping Spring Data JPA repositories in DEFAULT mode.] 
[2024-01-30 13:14:36,657] - [org.springframework.data.repository.config.RepositoryConfigurationDelegate] [registerRepositoriesIn] -> (INFO) [Finished Spring Data repository scanning in 80 ms. Found 1 JPA repository interface.] 
[2024-01-30 13:14:37,341] - [org.springframework.boot.web.embedded.tomcat.TomcatWebServer] [initialize] -> (INFO) [Tomcat initialized with port 8081 (http)] 
[2024-01-30 13:14:37,355] - [org.apache.coyote.http11.Http11NioProtocol] [log] -> (INFO) [Initializing ProtocolHandler ["http-nio-8081"]] 
[2024-01-30 13:14:37,358] - [org.apache.catalina.core.StandardService] [log] -> (INFO) [Starting service [Tomcat]] 
[2024-01-30 13:14:37,359] - [org.apache.catalina.core.StandardEngine] [log] -> (INFO) [Starting Servlet engine: [Apache Tomcat/10.1.18]] 
[2024-01-30 13:14:37,463] - [org.apache.catalina.core.ContainerBase.[Tomcat].[localhost].[/]] [log] -> (INFO) [Initializing Spring embedded WebApplicationContext] 
[2024-01-30 13:14:37,464] - [org.springframework.boot.web.servlet.context.ServletWebServerApplicationContext] [prepareWebApplicationContext] -> (INFO) [Root WebApplicationContext: initialization completed in 1717 ms] 
[2024-01-30 13:14:37,690] - [org.hibernate.jpa.internal.util.LogHelper] [logPersistenceUnitInformation] -> (INFO) [HHH000204: Processing PersistenceUnitInfo [name: default]] 
[2024-01-30 13:14:37,786] - [org.hibernate.Version] [logVersion] -> (INFO) [HHH000412: Hibernate ORM core version 6.4.1.Final] 
[2024-01-30 13:14:37,836] - [org.hibernate.cache.internal.RegionFactoryInitiator] [initiateService] -> (INFO) [HHH000026: Second-level cache disabled] 
[2024-01-30 13:14:38,108] - [org.springframework.orm.jpa.persistenceunit.SpringPersistenceUnitInfo] [addTransformer] -> (INFO) [No LoadTimeWeaver setup: ignoring JPA class transformer] 
[2024-01-30 13:14:38,143] - [com.zaxxer.hikari.HikariDataSource] [getConnection] -> (INFO) [HikariPool-1 - Starting...] 
[2024-01-30 13:14:38,565] - [com.zaxxer.hikari.pool.HikariPool] [checkFailFast] -> (INFO) [HikariPool-1 - Added connection com.mysql.cj.jdbc.ConnectionImpl@2063a8c] 
[2024-01-30 13:14:38,567] - [com.zaxxer.hikari.HikariDataSource] [getConnection] -> (INFO) [HikariPool-1 - Start completed.] 
[2024-01-30 13:14:39,544] - [org.hibernate.engine.transaction.jta.platform.internal.JtaPlatformInitiator] [initiateService] -> (INFO) [HHH000489: No JTA platform available (set 'hibernate.transaction.jta.platform' to enable JTA platform integration)] 
[2024-01-30 13:14:39,614] - [org.springframework.orm.jpa.LocalContainerEntityManagerFactoryBean] [buildNativeEntityManagerFactory] -> (INFO) [Initialized JPA EntityManagerFactory for persistence unit 'default'] 
[2024-01-30 13:14:39,967] - [org.springframework.boot.autoconfigure.orm.jpa.JpaBaseConfiguration$JpaWebConfiguration] [openEntityManagerInViewInterceptor] -> (WARN) [spring.jpa.open-in-view is enabled by default. Therefore, database queries may be performed during view rendering. Explicitly configure spring.jpa.open-in-view to disable this warning] 
[2024-01-30 13:14:40,394] - [org.springframework.boot.devtools.autoconfigure.OptionalLiveReloadServer] [startServer] -> (WARN) [Unable to start LiveReload server] 
[2024-01-30 13:14:40,408] - [org.apache.coyote.http11.Http11NioProtocol] [log] -> (INFO) [Starting ProtocolHandler ["http-nio-8081"]] 
[2024-01-30 13:14:40,442] - [org.springframework.boot.web.embedded.tomcat.TomcatWebServer] [start] -> (INFO) [Tomcat started on port 8081 (http) with context path ''] 
[2024-01-30 13:14:40,452] - [com.example.firstSpringProject.FirstSpringProjectApplication] [logStarted] -> (INFO) [Started FirstSpringProjectApplication in 5.145 seconds (process running for 7.88)] 
[2024-01-30 13:14:40,455] - [com.example.firstSpringProject.FirstSpringProjectApplication] [main] -> (INFO) [this is first info] 
[2024-01-30 13:14:46,471] - [org.apache.catalina.core.ContainerBase.[Tomcat].[localhost].[/]] [log] -> (INFO) [Initializing Spring DispatcherServlet 'dispatcherServlet'] 
[2024-01-30 13:14:46,472] - [org.springframework.web.servlet.DispatcherServlet] [initServletBean] -> (INFO) [Initializing Servlet 'dispatcherServlet'] 
[2024-01-30 13:14:46,475] - [org.springframework.web.servlet.DispatcherServlet] [initServletBean] -> (INFO) [Completed initialization in 3 ms] 
[2024-01-30 13:15:20,678] - [com.example.firstSpringProject.controller.EmployeeController] [getAllEmployeeDetails] -> (INFO) [Employee Details fetched from data base [Employee(empId=1, empName=Amit Kumar, empSalary=349098.78, department=OISV, baseLocation=Noida,Uttarpradesh, empMobile=7355732125, empEmail=amitkumarnic00hmt@gmail.com), Employee(empId=2, empName=Taushif Ahmed, empSalary=50000.0, department=OISV, baseLocation=Noida,Uttarpradesh, empMobile=8345732125, empEmail=taushifahmed@gmail.com)]] 
[2024-01-30 14:14:10,490] - [com.zaxxer.hikari.pool.HikariPool] [run] -> (WARN) [HikariPool-1 - Thread starvation or clock leap detected (housekeeper delta=17m31s148ms760µs600ns).] 
[2024-01-30 14:39:34,593] - [org.springframework.orm.jpa.LocalContainerEntityManagerFactoryBean] [destroy] -> (INFO) [Closing JPA EntityManagerFactory for persistence unit 'default'] 
[2024-01-30 14:39:34,668] - [com.zaxxer.hikari.HikariDataSource] [close] -> (INFO) [HikariPool-1 - Shutdown initiated...] 
[2024-01-30 14:39:34,688] - [com.zaxxer.hikari.HikariDataSource] [close] -> (INFO) [HikariPool-1 - Shutdown completed.] 
[2024-01-30 15:19:40,580] - [com.example.firstSpringProject.FirstSpringProjectApplication] [logStarting] -> (INFO) [Starting FirstSpringProjectApplication using Java 21.0.2 with PID 3324 (C:\Spring-BootPractice\firstSpringProject\firstSpringProject\target\classes started by amit_k in C:\Spring-BootPractice\firstSpringProject\firstSpringProject)] 
[2024-01-30 15:19:40,593] - [com.example.firstSpringProject.FirstSpringProjectApplication] [logStartupProfileInfo] -> (INFO) [No active profile set, falling back to 1 default profile: "default"] 
[2024-01-30 15:19:40,655] - [org.springframework.boot.devtools.env.DevToolsPropertyDefaultsPostProcessor] [logTo] -> (INFO) [Devtools property defaults active! Set 'spring.devtools.add-properties' to 'false' to disable] 
[2024-01-30 15:19:40,655] - [org.springframework.boot.devtools.env.DevToolsPropertyDefaultsPostProcessor] [logTo] -> (INFO) [For additional web related logging consider setting the 'logging.level.web' property to 'DEBUG'] 
[2024-01-30 15:19:41,696] - [org.springframework.data.repository.config.RepositoryConfigurationDelegate] [registerRepositoriesIn] -> (INFO) [Bootstrapping Spring Data JPA repositories in DEFAULT mode.] 
[2024-01-30 15:19:41,789] - [org.springframework.data.repository.config.RepositoryConfigurationDelegate] [registerRepositoriesIn] -> (INFO) [Finished Spring Data repository scanning in 82 ms. Found 1 JPA repository interface.] 
[2024-01-30 15:19:42,500] - [org.springframework.boot.web.embedded.tomcat.TomcatWebServer] [initialize] -> (INFO) [Tomcat initialized with port 8081 (http)] 
[2024-01-30 15:19:42,516] - [org.apache.coyote.http11.Http11NioProtocol] [log] -> (INFO) [Initializing ProtocolHandler ["http-nio-8081"]] 
[2024-01-30 15:19:42,517] - [org.apache.catalina.core.StandardService] [log] -> (INFO) [Starting service [Tomcat]] 
[2024-01-30 15:19:42,517] - [org.apache.catalina.core.StandardEngine] [log] -> (INFO) [Starting Servlet engine: [Apache Tomcat/10.1.18]] 
[2024-01-30 15:19:42,631] - [org.apache.catalina.core.ContainerBase.[Tomcat].[localhost].[/]] [log] -> (INFO) [Initializing Spring embedded WebApplicationContext] 
[2024-01-30 15:19:42,633] - [org.springframework.boot.web.servlet.context.ServletWebServerApplicationContext] [prepareWebApplicationContext] -> (INFO) [Root WebApplicationContext: initialization completed in 1973 ms] 
[2024-01-30 15:19:42,885] - [org.hibernate.jpa.internal.util.LogHelper] [logPersistenceUnitInformation] -> (INFO) [HHH000204: Processing PersistenceUnitInfo [name: default]] 
[2024-01-30 15:19:42,981] - [org.hibernate.Version] [logVersion] -> (INFO) [HHH000412: Hibernate ORM core version 6.4.1.Final] 
[2024-01-30 15:19:43,036] - [org.hibernate.cache.internal.RegionFactoryInitiator] [initiateService] -> (INFO) [HHH000026: Second-level cache disabled] 
[2024-01-30 15:19:43,348] - [org.springframework.orm.jpa.persistenceunit.SpringPersistenceUnitInfo] [addTransformer] -> (INFO) [No LoadTimeWeaver setup: ignoring JPA class transformer] 
[2024-01-30 15:19:43,394] - [com.zaxxer.hikari.HikariDataSource] [getConnection] -> (INFO) [HikariPool-1 - Starting...] 
[2024-01-30 15:19:43,925] - [com.zaxxer.hikari.pool.HikariPool] [checkFailFast] -> (INFO) [HikariPool-1 - Added connection com.mysql.cj.jdbc.ConnectionImpl@53290135] 
[2024-01-30 15:19:43,930] - [com.zaxxer.hikari.HikariDataSource] [getConnection] -> (INFO) [HikariPool-1 - Start completed.] 
[2024-01-30 15:19:45,020] - [org.hibernate.engine.transaction.jta.platform.internal.JtaPlatformInitiator] [initiateService] -> (INFO) [HHH000489: No JTA platform available (set 'hibernate.transaction.jta.platform' to enable JTA platform integration)] 
[2024-01-30 15:19:45,080] - [org.springframework.orm.jpa.LocalContainerEntityManagerFactoryBean] [buildNativeEntityManagerFactory] -> (INFO) [Initialized JPA EntityManagerFactory for persistence unit 'default'] 
[2024-01-30 15:19:45,429] - [org.springframework.boot.autoconfigure.orm.jpa.JpaBaseConfiguration$JpaWebConfiguration] [openEntityManagerInViewInterceptor] -> (WARN) [spring.jpa.open-in-view is enabled by default. Therefore, database queries may be performed during view rendering. Explicitly configure spring.jpa.open-in-view to disable this warning] 
[2024-01-30 15:19:45,919] - [org.springframework.boot.devtools.autoconfigure.OptionalLiveReloadServer] [startServer] -> (WARN) [Unable to start LiveReload server] 
[2024-01-30 15:19:45,967] - [org.springframework.boot.web.embedded.tomcat.TomcatWebServer] [start] -> (INFO) [Tomcat started on port 8081 (http) with context path ''] 
[2024-01-30 15:19:45,984] - [com.example.firstSpringProject.FirstSpringProjectApplication] [logStarted] -> (INFO) [Started FirstSpringProjectApplication in 5.909 seconds (process running for 9.628)] 
[2024-01-30 15:19:45,984] - [com.example.firstSpringProject.FirstSpringProjectApplication] [main] -> (INFO) [this is first info] 
[2024-01-30 15:19:45,996] - [org.springframework.orm.jpa.LocalContainerEntityManagerFactoryBean] [destroy] -> (INFO) [Closing JPA EntityManagerFactory for persistence unit 'default'] 
[2024-01-30 15:19:46,000] - [com.zaxxer.hikari.HikariDataSource] [close] -> (INFO) [HikariPool-1 - Shutdown initiated...] 
[2024-01-30 15:19:46,016] - [com.zaxxer.hikari.HikariDataSource] [close] -> (INFO) [HikariPool-1 - Shutdown completed.] 
[2024-01-30 15:19:52,181] - [com.example.firstSpringProject.FirstSpringProjectApplication] [logStarting] -> (INFO) [Starting FirstSpringProjectApplication using Java 21.0.2 with PID 34588 (C:\Spring-BootPractice\firstSpringProject\firstSpringProject\target\classes started by amit_k in C:\Spring-BootPractice\firstSpringProject\firstSpringProject)] 
[2024-01-30 15:19:52,189] - [com.example.firstSpringProject.FirstSpringProjectApplication] [logStartupProfileInfo] -> (INFO) [No active profile set, falling back to 1 default profile: "default"] 
[2024-01-30 15:19:52,242] - [org.springframework.boot.devtools.env.DevToolsPropertyDefaultsPostProcessor] [logTo] -> (INFO) [Devtools property defaults active! Set 'spring.devtools.add-properties' to 'false' to disable] 
[2024-01-30 15:19:52,242] - [org.springframework.boot.devtools.env.DevToolsPropertyDefaultsPostProcessor] [logTo] -> (INFO) [For additional web related logging consider setting the 'logging.level.web' property to 'DEBUG'] 
[2024-01-30 15:19:53,021] - [org.springframework.data.repository.config.RepositoryConfigurationDelegate] [registerRepositoriesIn] -> (INFO) [Bootstrapping Spring Data JPA repositories in DEFAULT mode.] 
[2024-01-30 15:19:53,122] - [org.springframework.data.repository.config.RepositoryConfigurationDelegate] [registerRepositoriesIn] -> (INFO) [Finished Spring Data repository scanning in 83 ms. Found 1 JPA repository interface.] 
[2024-01-30 15:19:53,810] - [org.springframework.boot.web.embedded.tomcat.TomcatWebServer] [initialize] -> (INFO) [Tomcat initialized with port 8081 (http)] 
[2024-01-30 15:19:53,827] - [org.apache.coyote.http11.Http11NioProtocol] [log] -> (INFO) [Initializing ProtocolHandler ["http-nio-8081"]] 
[2024-01-30 15:19:53,827] - [org.apache.catalina.core.StandardService] [log] -> (INFO) [Starting service [Tomcat]] 
[2024-01-30 15:19:53,827] - [org.apache.catalina.core.StandardEngine] [log] -> (INFO) [Starting Servlet engine: [Apache Tomcat/10.1.18]] 
[2024-01-30 15:19:53,939] - [org.apache.catalina.core.ContainerBase.[Tomcat].[localhost].[/]] [log] -> (INFO) [Initializing Spring embedded WebApplicationContext] 
[2024-01-30 15:19:53,939] - [org.springframework.boot.web.servlet.context.ServletWebServerApplicationContext] [prepareWebApplicationContext] -> (INFO) [Root WebApplicationContext: initialization completed in 1694 ms] 
[2024-01-30 15:19:54,156] - [org.hibernate.jpa.internal.util.LogHelper] [logPersistenceUnitInformation] -> (INFO) [HHH000204: Processing PersistenceUnitInfo [name: default]] 
[2024-01-30 15:19:54,240] - [org.hibernate.Version] [logVersion] -> (INFO) [HHH000412: Hibernate ORM core version 6.4.1.Final] 
[2024-01-30 15:19:54,290] - [org.hibernate.cache.internal.RegionFactoryInitiator] [initiateService] -> (INFO) [HHH000026: Second-level cache disabled] 
[2024-01-30 15:19:54,557] - [org.springframework.orm.jpa.persistenceunit.SpringPersistenceUnitInfo] [addTransformer] -> (INFO) [No LoadTimeWeaver setup: ignoring JPA class transformer] 
[2024-01-30 15:19:54,592] - [com.zaxxer.hikari.HikariDataSource] [getConnection] -> (INFO) [HikariPool-1 - Starting...] 
[2024-01-30 15:19:55,002] - [com.zaxxer.hikari.pool.HikariPool] [checkFailFast] -> (INFO) [HikariPool-1 - Added connection com.mysql.cj.jdbc.ConnectionImpl@3ae3a693] 
[2024-01-30 15:19:55,002] - [com.zaxxer.hikari.HikariDataSource] [getConnection] -> (INFO) [HikariPool-1 - Start completed.] 
[2024-01-30 15:19:55,991] - [org.hibernate.engine.transaction.jta.platform.internal.JtaPlatformInitiator] [initiateService] -> (INFO) [HHH000489: No JTA platform available (set 'hibernate.transaction.jta.platform' to enable JTA platform integration)] 
[2024-01-30 15:19:56,042] - [org.springframework.orm.jpa.LocalContainerEntityManagerFactoryBean] [buildNativeEntityManagerFactory] -> (INFO) [Initialized JPA EntityManagerFactory for persistence unit 'default'] 
[2024-01-30 15:19:56,413] - [org.springframework.boot.autoconfigure.orm.jpa.JpaBaseConfiguration$JpaWebConfiguration] [openEntityManagerInViewInterceptor] -> (WARN) [spring.jpa.open-in-view is enabled by default. Therefore, database queries may be performed during view rendering. Explicitly configure spring.jpa.open-in-view to disable this warning] 
[2024-01-30 15:19:56,842] - [org.springframework.boot.devtools.autoconfigure.OptionalLiveReloadServer] [startServer] -> (WARN) [Unable to start LiveReload server] 
[2024-01-30 15:19:56,858] - [org.apache.coyote.http11.Http11NioProtocol] [log] -> (INFO) [Starting ProtocolHandler ["http-nio-8081"]] 
[2024-01-30 15:19:56,894] - [org.springframework.boot.web.embedded.tomcat.TomcatWebServer] [start] -> (INFO) [Tomcat started on port 8081 (http) with context path ''] 
[2024-01-30 15:19:56,905] - [com.example.firstSpringProject.FirstSpringProjectApplication] [logStarted] -> (INFO) [Started FirstSpringProjectApplication in 5.09 seconds (process running for 7.781)] 
[2024-01-30 15:19:56,905] - [com.example.firstSpringProject.FirstSpringProjectApplication] [main] -> (INFO) [this is first info] 
[2024-01-30 15:25:45,197] - [org.apache.catalina.core.ContainerBase.[Tomcat].[localhost].[/]] [log] -> (INFO) [Initializing Spring DispatcherServlet 'dispatcherServlet'] 
[2024-01-30 15:25:45,197] - [org.springframework.web.servlet.DispatcherServlet] [initServletBean] -> (INFO) [Initializing Servlet 'dispatcherServlet'] 
[2024-01-30 15:25:45,208] - [org.springframework.web.servlet.DispatcherServlet] [initServletBean] -> (INFO) [Completed initialization in 0 ms] 
[2024-01-30 15:25:45,388] - [org.springframework.web.servlet.mvc.support.DefaultHandlerExceptionResolver] [logException] -> (WARN) [Resolved [org.springframework.web.bind.MissingPathVariableException: Required URI template variable 'empId' for method parameter type Integer is not present]] 
[2024-01-30 15:26:25,501] - [org.springframework.orm.jpa.LocalContainerEntityManagerFactoryBean] [destroy] -> (INFO) [Closing JPA EntityManagerFactory for persistence unit 'default'] 
[2024-01-30 15:26:25,507] - [com.zaxxer.hikari.HikariDataSource] [close] -> (INFO) [HikariPool-1 - Shutdown initiated...] 
[2024-01-30 15:26:25,526] - [com.zaxxer.hikari.HikariDataSource] [close] -> (INFO) [HikariPool-1 - Shutdown completed.] 
[2024-01-30 15:26:44,638] - [com.example.firstSpringProject.FirstSpringProjectApplication] [logStarting] -> (INFO) [Starting FirstSpringProjectApplication using Java 21.0.2 with PID 28176 (C:\Spring-BootPractice\firstSpringProject\firstSpringProject\target\classes started by amit_k in C:\Spring-BootPractice\firstSpringProject\firstSpringProject)] 
[2024-01-30 15:26:44,638] - [com.example.firstSpringProject.FirstSpringProjectApplication] [logStartupProfileInfo] -> (INFO) [No active profile set, falling back to 1 default profile: "default"] 
[2024-01-30 15:26:44,706] - [org.springframework.boot.devtools.env.DevToolsPropertyDefaultsPostProcessor] [logTo] -> (INFO) [Devtools property defaults active! Set 'spring.devtools.add-properties' to 'false' to disable] 
[2024-01-30 15:26:44,706] - [org.springframework.boot.devtools.env.DevToolsPropertyDefaultsPostProcessor] [logTo] -> (INFO) [For additional web related logging consider setting the 'logging.level.web' property to 'DEBUG'] 
[2024-01-30 15:26:45,590] - [org.springframework.data.repository.config.RepositoryConfigurationDelegate] [registerRepositoriesIn] -> (INFO) [Bootstrapping Spring Data JPA repositories in DEFAULT mode.] 
[2024-01-30 15:26:45,687] - [org.springframework.data.repository.config.RepositoryConfigurationDelegate] [registerRepositoriesIn] -> (INFO) [Finished Spring Data repository scanning in 83 ms. Found 1 JPA repository interface.] 
[2024-01-30 15:26:46,376] - [org.springframework.boot.web.embedded.tomcat.TomcatWebServer] [initialize] -> (INFO) [Tomcat initialized with port 8081 (http)] 
[2024-01-30 15:26:46,392] - [org.apache.coyote.http11.Http11NioProtocol] [log] -> (INFO) [Initializing ProtocolHandler ["http-nio-8081"]] 
[2024-01-30 15:26:46,394] - [org.apache.catalina.core.StandardService] [log] -> (INFO) [Starting service [Tomcat]] 
[2024-01-30 15:26:46,394] - [org.apache.catalina.core.StandardEngine] [log] -> (INFO) [Starting Servlet engine: [Apache Tomcat/10.1.18]] 
[2024-01-30 15:26:46,495] - [org.apache.catalina.core.ContainerBase.[Tomcat].[localhost].[/]] [log] -> (INFO) [Initializing Spring embedded WebApplicationContext] 
[2024-01-30 15:26:46,495] - [org.springframework.boot.web.servlet.context.ServletWebServerApplicationContext] [prepareWebApplicationContext] -> (INFO) [Root WebApplicationContext: initialization completed in 1789 ms] 
[2024-01-30 15:26:46,734] - [org.hibernate.jpa.internal.util.LogHelper] [logPersistenceUnitInformation] -> (INFO) [HHH000204: Processing PersistenceUnitInfo [name: default]] 
[2024-01-30 15:26:46,830] - [org.hibernate.Version] [logVersion] -> (INFO) [HHH000412: Hibernate ORM core version 6.4.1.Final] 
[2024-01-30 15:26:46,870] - [org.hibernate.cache.internal.RegionFactoryInitiator] [initiateService] -> (INFO) [HHH000026: Second-level cache disabled] 
[2024-01-30 15:26:47,170] - [org.springframework.orm.jpa.persistenceunit.SpringPersistenceUnitInfo] [addTransformer] -> (INFO) [No LoadTimeWeaver setup: ignoring JPA class transformer] 
[2024-01-30 15:26:47,203] - [com.zaxxer.hikari.HikariDataSource] [getConnection] -> (INFO) [HikariPool-1 - Starting...] 
[2024-01-30 15:26:47,630] - [com.zaxxer.hikari.pool.HikariPool] [checkFailFast] -> (INFO) [HikariPool-1 - Added connection com.mysql.cj.jdbc.ConnectionImpl@5891ffd6] 
[2024-01-30 15:26:47,632] - [com.zaxxer.hikari.HikariDataSource] [getConnection] -> (INFO) [HikariPool-1 - Start completed.] 
[2024-01-30 15:26:48,678] - [org.hibernate.engine.transaction.jta.platform.internal.JtaPlatformInitiator] [initiateService] -> (INFO) [HHH000489: No JTA platform available (set 'hibernate.transaction.jta.platform' to enable JTA platform integration)] 
[2024-01-30 15:26:48,739] - [org.springframework.orm.jpa.LocalContainerEntityManagerFactoryBean] [buildNativeEntityManagerFactory] -> (INFO) [Initialized JPA EntityManagerFactory for persistence unit 'default'] 
[2024-01-30 15:26:49,161] - [org.springframework.boot.autoconfigure.orm.jpa.JpaBaseConfiguration$JpaWebConfiguration] [openEntityManagerInViewInterceptor] -> (WARN) [spring.jpa.open-in-view is enabled by default. Therefore, database queries may be performed during view rendering. Explicitly configure spring.jpa.open-in-view to disable this warning] 
[2024-01-30 15:26:49,600] - [org.springframework.boot.devtools.autoconfigure.OptionalLiveReloadServer] [startServer] -> (WARN) [Unable to start LiveReload server] 
[2024-01-30 15:26:49,619] - [org.apache.coyote.http11.Http11NioProtocol] [log] -> (INFO) [Starting ProtocolHandler ["http-nio-8081"]] 
[2024-01-30 15:26:49,669] - [org.springframework.boot.web.embedded.tomcat.TomcatWebServer] [start] -> (INFO) [Tomcat started on port 8081 (http) with context path ''] 
[2024-01-30 15:26:49,669] - [com.example.firstSpringProject.FirstSpringProjectApplication] [logStarted] -> (INFO) [Started FirstSpringProjectApplication in 5.425 seconds (process running for 8.197)] 
[2024-01-30 15:26:49,684] - [com.example.firstSpringProject.FirstSpringProjectApplication] [main] -> (INFO) [this is first info] 
[2024-01-30 15:28:42,296] - [org.springframework.orm.jpa.LocalContainerEntityManagerFactoryBean] [destroy] -> (INFO) [Closing JPA EntityManagerFactory for persistence unit 'default'] 
[2024-01-30 15:28:42,296] - [com.zaxxer.hikari.HikariDataSource] [close] -> (INFO) [HikariPool-1 - Shutdown initiated...] 
[2024-01-30 15:28:42,312] - [com.zaxxer.hikari.HikariDataSource] [close] -> (INFO) [HikariPool-1 - Shutdown completed.] 
[2024-01-30 15:29:06,338] - [com.example.firstSpringProject.FirstSpringProjectApplication] [logStarting] -> (INFO) [Starting FirstSpringProjectApplication using Java 21.0.2 with PID 39576 (C:\Spring-BootPractice\firstSpringProject\firstSpringProject\target\classes started by amit_k in C:\Spring-BootPractice\firstSpringProject\firstSpringProject)] 
[2024-01-30 15:29:06,348] - [com.example.firstSpringProject.FirstSpringProjectApplication] [logStartupProfileInfo] -> (INFO) [No active profile set, falling back to 1 default profile: "default"] 
[2024-01-30 15:29:06,397] - [org.springframework.boot.devtools.env.DevToolsPropertyDefaultsPostProcessor] [logTo] -> (INFO) [Devtools property defaults active! Set 'spring.devtools.add-properties' to 'false' to disable] 
[2024-01-30 15:29:06,401] - [org.springframework.boot.devtools.env.DevToolsPropertyDefaultsPostProcessor] [logTo] -> (INFO) [For additional web related logging consider setting the 'logging.level.web' property to 'DEBUG'] 
[2024-01-30 15:29:07,197] - [org.springframework.data.repository.config.RepositoryConfigurationDelegate] [registerRepositoriesIn] -> (INFO) [Bootstrapping Spring Data JPA repositories in DEFAULT mode.] 
[2024-01-30 15:29:07,283] - [org.springframework.data.repository.config.RepositoryConfigurationDelegate] [registerRepositoriesIn] -> (INFO) [Finished Spring Data repository scanning in 73 ms. Found 1 JPA repository interface.] 
[2024-01-30 15:29:07,964] - [org.springframework.boot.web.embedded.tomcat.TomcatWebServer] [initialize] -> (INFO) [Tomcat initialized with port 8081 (http)] 
[2024-01-30 15:29:07,978] - [org.apache.coyote.http11.Http11NioProtocol] [log] -> (INFO) [Initializing ProtocolHandler ["http-nio-8081"]] 
[2024-01-30 15:29:07,983] - [org.apache.catalina.core.StandardService] [log] -> (INFO) [Starting service [Tomcat]] 
[2024-01-30 15:29:07,983] - [org.apache.catalina.core.StandardEngine] [log] -> (INFO) [Starting Servlet engine: [Apache Tomcat/10.1.18]] 
[2024-01-30 15:29:08,083] - [org.apache.catalina.core.ContainerBase.[Tomcat].[localhost].[/]] [log] -> (INFO) [Initializing Spring embedded WebApplicationContext] 
[2024-01-30 15:29:08,094] - [org.springframework.boot.web.servlet.context.ServletWebServerApplicationContext] [prepareWebApplicationContext] -> (INFO) [Root WebApplicationContext: initialization completed in 1693 ms] 
[2024-01-30 15:29:08,315] - [org.hibernate.jpa.internal.util.LogHelper] [logPersistenceUnitInformation] -> (INFO) [HHH000204: Processing PersistenceUnitInfo [name: default]] 
[2024-01-30 15:29:08,407] - [org.hibernate.Version] [logVersion] -> (INFO) [HHH000412: Hibernate ORM core version 6.4.1.Final] 
[2024-01-30 15:29:08,456] - [org.hibernate.cache.internal.RegionFactoryInitiator] [initiateService] -> (INFO) [HHH000026: Second-level cache disabled] 
[2024-01-30 15:29:08,741] - [org.springframework.orm.jpa.persistenceunit.SpringPersistenceUnitInfo] [addTransformer] -> (INFO) [No LoadTimeWeaver setup: ignoring JPA class transformer] 
[2024-01-30 15:29:08,775] - [com.zaxxer.hikari.HikariDataSource] [getConnection] -> (INFO) [HikariPool-1 - Starting...] 
[2024-01-30 15:29:09,185] - [com.zaxxer.hikari.pool.HikariPool] [checkFailFast] -> (INFO) [HikariPool-1 - Added connection com.mysql.cj.jdbc.ConnectionImpl@5841b16e] 
[2024-01-30 15:29:09,185] - [com.zaxxer.hikari.HikariDataSource] [getConnection] -> (INFO) [HikariPool-1 - Start completed.] 
[2024-01-30 15:29:10,122] - [org.hibernate.engine.transaction.jta.platform.internal.JtaPlatformInitiator] [initiateService] -> (INFO) [HHH000489: No JTA platform available (set 'hibernate.transaction.jta.platform' to enable JTA platform integration)] 
[2024-01-30 15:29:10,184] - [org.springframework.orm.jpa.LocalContainerEntityManagerFactoryBean] [buildNativeEntityManagerFactory] -> (INFO) [Initialized JPA EntityManagerFactory for persistence unit 'default'] 
[2024-01-30 15:29:10,565] - [org.springframework.boot.autoconfigure.orm.jpa.JpaBaseConfiguration$JpaWebConfiguration] [openEntityManagerInViewInterceptor] -> (WARN) [spring.jpa.open-in-view is enabled by default. Therefore, database queries may be performed during view rendering. Explicitly configure spring.jpa.open-in-view to disable this warning] 
[2024-01-30 15:29:11,014] - [org.springframework.boot.devtools.autoconfigure.OptionalLiveReloadServer] [startServer] -> (WARN) [Unable to start LiveReload server] 
[2024-01-30 15:29:11,026] - [org.apache.coyote.http11.Http11NioProtocol] [log] -> (INFO) [Starting ProtocolHandler ["http-nio-8081"]] 
[2024-01-30 15:29:11,073] - [org.springframework.boot.web.embedded.tomcat.TomcatWebServer] [start] -> (INFO) [Tomcat started on port 8081 (http) with context path ''] 
[2024-01-30 15:29:11,079] - [com.example.firstSpringProject.FirstSpringProjectApplication] [logStarted] -> (INFO) [Started FirstSpringProjectApplication in 5.104 seconds (process running for 7.722)] 
[2024-01-30 15:29:11,091] - [com.example.firstSpringProject.FirstSpringProjectApplication] [main] -> (INFO) [this is first info] 
[2024-01-30 15:29:26,620] - [org.apache.catalina.core.ContainerBase.[Tomcat].[localhost].[/]] [log] -> (INFO) [Initializing Spring DispatcherServlet 'dispatcherServlet'] 
[2024-01-30 15:29:26,620] - [org.springframework.web.servlet.DispatcherServlet] [initServletBean] -> (INFO) [Initializing Servlet 'dispatcherServlet'] 
[2024-01-30 15:29:26,620] - [org.springframework.web.servlet.DispatcherServlet] [initServletBean] -> (INFO) [Completed initialization in 0 ms] 
[2024-01-30 15:30:01,092] - [org.springframework.orm.jpa.LocalContainerEntityManagerFactoryBean] [destroy] -> (INFO) [Closing JPA EntityManagerFactory for persistence unit 'default'] 
[2024-01-30 15:30:01,098] - [com.zaxxer.hikari.HikariDataSource] [close] -> (INFO) [HikariPool-1 - Shutdown initiated...] 
[2024-01-30 15:30:01,119] - [com.zaxxer.hikari.HikariDataSource] [close] -> (INFO) [HikariPool-1 - Shutdown completed.] 
[2024-01-30 15:30:10,462] - [com.example.firstSpringProject.FirstSpringProjectApplication] [logStarting] -> (INFO) [Starting FirstSpringProjectApplication using Java 21.0.2 with PID 8520 (C:\Spring-BootPractice\firstSpringProject\firstSpringProject\target\classes started by amit_k in C:\Spring-BootPractice\firstSpringProject\firstSpringProject)] 
[2024-01-30 15:30:10,477] - [com.example.firstSpringProject.FirstSpringProjectApplication] [logStartupProfileInfo] -> (INFO) [No active profile set, falling back to 1 default profile: "default"] 
[2024-01-30 15:30:10,530] - [org.springframework.boot.devtools.env.DevToolsPropertyDefaultsPostProcessor] [logTo] -> (INFO) [Devtools property defaults active! Set 'spring.devtools.add-properties' to 'false' to disable] 
[2024-01-30 15:30:10,530] - [org.springframework.boot.devtools.env.DevToolsPropertyDefaultsPostProcessor] [logTo] -> (INFO) [For additional web related logging consider setting the 'logging.level.web' property to 'DEBUG'] 
[2024-01-30 15:30:11,418] - [org.springframework.data.repository.config.RepositoryConfigurationDelegate] [registerRepositoriesIn] -> (INFO) [Bootstrapping Spring Data JPA repositories in DEFAULT mode.] 
[2024-01-30 15:30:11,515] - [org.springframework.data.repository.config.RepositoryConfigurationDelegate] [registerRepositoriesIn] -> (INFO) [Finished Spring Data repository scanning in 84 ms. Found 1 JPA repository interface.] 
[2024-01-30 15:30:12,277] - [org.springframework.boot.web.embedded.tomcat.TomcatWebServer] [initialize] -> (INFO) [Tomcat initialized with port 8081 (http)] 
[2024-01-30 15:30:12,293] - [org.apache.coyote.http11.Http11NioProtocol] [log] -> (INFO) [Initializing ProtocolHandler ["http-nio-8081"]] 
[2024-01-30 15:30:12,293] - [org.apache.catalina.core.StandardService] [log] -> (INFO) [Starting service [Tomcat]] 
[2024-01-30 15:30:12,293] - [org.apache.catalina.core.StandardEngine] [log] -> (INFO) [Starting Servlet engine: [Apache Tomcat/10.1.18]] 
[2024-01-30 15:30:12,417] - [org.apache.catalina.core.ContainerBase.[Tomcat].[localhost].[/]] [log] -> (INFO) [Initializing Spring embedded WebApplicationContext] 
[2024-01-30 15:30:12,419] - [org.springframework.boot.web.servlet.context.ServletWebServerApplicationContext] [prepareWebApplicationContext] -> (INFO) [Root WebApplicationContext: initialization completed in 1886 ms] 
[2024-01-30 15:30:12,666] - [org.hibernate.jpa.internal.util.LogHelper] [logPersistenceUnitInformation] -> (INFO) [HHH000204: Processing PersistenceUnitInfo [name: default]] 
[2024-01-30 15:30:12,742] - [org.hibernate.Version] [logVersion] -> (INFO) [HHH000412: Hibernate ORM core version 6.4.1.Final] 
[2024-01-30 15:30:12,801] - [org.hibernate.cache.internal.RegionFactoryInitiator] [initiateService] -> (INFO) [HHH000026: Second-level cache disabled] 
[2024-01-30 15:30:13,108] - [org.springframework.orm.jpa.persistenceunit.SpringPersistenceUnitInfo] [addTransformer] -> (INFO) [No LoadTimeWeaver setup: ignoring JPA class transformer] 
[2024-01-30 15:30:13,137] - [com.zaxxer.hikari.HikariDataSource] [getConnection] -> (INFO) [HikariPool-1 - Starting...] 
[2024-01-30 15:30:13,611] - [com.zaxxer.hikari.pool.HikariPool] [checkFailFast] -> (INFO) [HikariPool-1 - Added connection com.mysql.cj.jdbc.ConnectionImpl@7fb0a716] 
[2024-01-30 15:30:13,612] - [com.zaxxer.hikari.HikariDataSource] [getConnection] -> (INFO) [HikariPool-1 - Start completed.] 
[2024-01-30 15:30:14,655] - [org.hibernate.engine.transaction.jta.platform.internal.JtaPlatformInitiator] [initiateService] -> (INFO) [HHH000489: No JTA platform available (set 'hibernate.transaction.jta.platform' to enable JTA platform integration)] 
[2024-01-30 15:30:14,723] - [org.springframework.orm.jpa.LocalContainerEntityManagerFactoryBean] [buildNativeEntityManagerFactory] -> (INFO) [Initialized JPA EntityManagerFactory for persistence unit 'default'] 
[2024-01-30 15:30:15,123] - [org.springframework.boot.autoconfigure.orm.jpa.JpaBaseConfiguration$JpaWebConfiguration] [openEntityManagerInViewInterceptor] -> (WARN) [spring.jpa.open-in-view is enabled by default. Therefore, database queries may be performed during view rendering. Explicitly configure spring.jpa.open-in-view to disable this warning] 
[2024-01-30 15:30:15,587] - [org.springframework.boot.devtools.autoconfigure.OptionalLiveReloadServer] [startServer] -> (WARN) [Unable to start LiveReload server] 
[2024-01-30 15:30:15,603] - [org.apache.coyote.http11.Http11NioProtocol] [log] -> (INFO) [Starting ProtocolHandler ["http-nio-8081"]] 
[2024-01-30 15:30:15,640] - [org.springframework.boot.web.embedded.tomcat.TomcatWebServer] [start] -> (INFO) [Tomcat started on port 8081 (http) with context path ''] 
[2024-01-30 15:30:15,651] - [com.example.firstSpringProject.FirstSpringProjectApplication] [logStarted] -> (INFO) [Started FirstSpringProjectApplication in 5.619 seconds (process running for 8.374)] 
[2024-01-30 15:30:15,651] - [com.example.firstSpringProject.FirstSpringProjectApplication] [main] -> (INFO) [this is first info] 
[2024-01-30 15:33:06,596] - [org.apache.catalina.core.ContainerBase.[Tomcat].[localhost].[/]] [log] -> (INFO) [Initializing Spring DispatcherServlet 'dispatcherServlet'] 
[2024-01-30 15:33:06,604] - [org.springframework.web.servlet.DispatcherServlet] [initServletBean] -> (INFO) [Initializing Servlet 'dispatcherServlet'] 
[2024-01-30 15:33:06,604] - [org.springframework.web.servlet.DispatcherServlet] [initServletBean] -> (INFO) [Completed initialization in 0 ms] 
[2024-01-30 15:33:41,481] - [com.zaxxer.hikari.pool.HikariPool] [run] -> (WARN) [HikariPool-1 - Thread starvation or clock leap detected (housekeeper delta=57s723ms25µs700ns).] 
[2024-01-30 15:38:15,417] - [com.zaxxer.hikari.pool.HikariPool] [run] -> (WARN) [HikariPool-1 - Thread starvation or clock leap detected (housekeeper delta=46s51ms400µs400ns).] 
[2024-01-30 15:38:16,300] - [org.springframework.orm.jpa.LocalContainerEntityManagerFactoryBean] [destroy] -> (INFO) [Closing JPA EntityManagerFactory for persistence unit 'default'] 
[2024-01-30 15:38:16,300] - [com.zaxxer.hikari.HikariDataSource] [close] -> (INFO) [HikariPool-1 - Shutdown initiated...] 
[2024-01-30 15:38:16,323] - [com.zaxxer.hikari.HikariDataSource] [close] -> (INFO) [HikariPool-1 - Shutdown completed.] 
[2024-01-30 15:38:38,597] - [com.example.firstSpringProject.FirstSpringProjectApplication] [logStarting] -> (INFO) [Starting FirstSpringProjectApplication using Java 21.0.2 with PID 35160 (C:\Spring-BootPractice\firstSpringProject\firstSpringProject\target\classes started by amit_k in C:\Spring-BootPractice\firstSpringProject\firstSpringProject)] 
[2024-01-30 15:38:38,614] - [com.example.firstSpringProject.FirstSpringProjectApplication] [logStartupProfileInfo] -> (INFO) [No active profile set, falling back to 1 default profile: "default"] 
[2024-01-30 15:38:38,667] - [org.springframework.boot.devtools.env.DevToolsPropertyDefaultsPostProcessor] [logTo] -> (INFO) [Devtools property defaults active! Set 'spring.devtools.add-properties' to 'false' to disable] 
[2024-01-30 15:38:38,667] - [org.springframework.boot.devtools.env.DevToolsPropertyDefaultsPostProcessor] [logTo] -> (INFO) [For additional web related logging consider setting the 'logging.level.web' property to 'DEBUG'] 
[2024-01-30 15:38:39,545] - [org.springframework.data.repository.config.RepositoryConfigurationDelegate] [registerRepositoriesIn] -> (INFO) [Bootstrapping Spring Data JPA repositories in DEFAULT mode.] 
[2024-01-30 15:38:39,635] - [org.springframework.data.repository.config.RepositoryConfigurationDelegate] [registerRepositoriesIn] -> (INFO) [Finished Spring Data repository scanning in 81 ms. Found 1 JPA repository interface.] 
[2024-01-30 15:38:40,375] - [org.springframework.boot.web.embedded.tomcat.TomcatWebServer] [initialize] -> (INFO) [Tomcat initialized with port 8081 (http)] 
[2024-01-30 15:38:40,384] - [org.apache.coyote.http11.Http11NioProtocol] [log] -> (INFO) [Initializing ProtocolHandler ["http-nio-8081"]] 
[2024-01-30 15:38:40,384] - [org.apache.catalina.core.StandardService] [log] -> (INFO) [Starting service [Tomcat]] 
[2024-01-30 15:38:40,384] - [org.apache.catalina.core.StandardEngine] [log] -> (INFO) [Starting Servlet engine: [Apache Tomcat/10.1.18]] 
[2024-01-30 15:38:40,496] - [org.apache.catalina.core.ContainerBase.[Tomcat].[localhost].[/]] [log] -> (INFO) [Initializing Spring embedded WebApplicationContext] 
[2024-01-30 15:38:40,502] - [org.springframework.boot.web.servlet.context.ServletWebServerApplicationContext] [prepareWebApplicationContext] -> (INFO) [Root WebApplicationContext: initialization completed in 1829 ms] 
[2024-01-30 15:38:40,746] - [org.hibernate.jpa.internal.util.LogHelper] [logPersistenceUnitInformation] -> (INFO) [HHH000204: Processing PersistenceUnitInfo [name: default]] 
[2024-01-30 15:38:40,836] - [org.hibernate.Version] [logVersion] -> (INFO) [HHH000412: Hibernate ORM core version 6.4.1.Final] 
[2024-01-30 15:38:40,885] - [org.hibernate.cache.internal.RegionFactoryInitiator] [initiateService] -> (INFO) [HHH000026: Second-level cache disabled] 
[2024-01-30 15:38:41,185] - [org.springframework.orm.jpa.persistenceunit.SpringPersistenceUnitInfo] [addTransformer] -> (INFO) [No LoadTimeWeaver setup: ignoring JPA class transformer] 
[2024-01-30 15:38:41,224] - [com.zaxxer.hikari.HikariDataSource] [getConnection] -> (INFO) [HikariPool-1 - Starting...] 
[2024-01-30 15:38:41,709] - [com.zaxxer.hikari.pool.HikariPool] [checkFailFast] -> (INFO) [HikariPool-1 - Added connection com.mysql.cj.jdbc.ConnectionImpl@6a292507] 
[2024-01-30 15:38:41,722] - [com.zaxxer.hikari.HikariDataSource] [getConnection] -> (INFO) [HikariPool-1 - Start completed.] 
[2024-01-30 15:38:42,745] - [org.hibernate.engine.transaction.jta.platform.internal.JtaPlatformInitiator] [initiateService] -> (INFO) [HHH000489: No JTA platform available (set 'hibernate.transaction.jta.platform' to enable JTA platform integration)] 
[2024-01-30 15:38:42,804] - [org.springframework.orm.jpa.LocalContainerEntityManagerFactoryBean] [buildNativeEntityManagerFactory] -> (INFO) [Initialized JPA EntityManagerFactory for persistence unit 'default'] 
[2024-01-30 15:38:43,280] - [org.springframework.boot.autoconfigure.orm.jpa.JpaBaseConfiguration$JpaWebConfiguration] [openEntityManagerInViewInterceptor] -> (WARN) [spring.jpa.open-in-view is enabled by default. Therefore, database queries may be performed during view rendering. Explicitly configure spring.jpa.open-in-view to disable this warning] 
[2024-01-30 15:38:43,737] - [org.springframework.boot.devtools.autoconfigure.OptionalLiveReloadServer] [startServer] -> (WARN) [Unable to start LiveReload server] 
[2024-01-30 15:38:43,770] - [org.apache.coyote.http11.Http11NioProtocol] [log] -> (INFO) [Starting ProtocolHandler ["http-nio-8081"]] 
[2024-01-30 15:38:43,812] - [org.springframework.boot.web.embedded.tomcat.TomcatWebServer] [start] -> (INFO) [Tomcat started on port 8081 (http) with context path ''] 
[2024-01-30 15:38:43,823] - [com.example.firstSpringProject.FirstSpringProjectApplication] [logStarted] -> (INFO) [Started FirstSpringProjectApplication in 5.651 seconds (process running for 8.475)] 
[2024-01-30 15:38:43,828] - [com.example.firstSpringProject.FirstSpringProjectApplication] [main] -> (INFO) [this is first info] 
[2024-01-30 15:39:23,521] - [org.apache.catalina.core.ContainerBase.[Tomcat].[localhost].[/]] [log] -> (INFO) [Initializing Spring DispatcherServlet 'dispatcherServlet'] 
[2024-01-30 15:39:23,521] - [org.springframework.web.servlet.DispatcherServlet] [initServletBean] -> (INFO) [Initializing Servlet 'dispatcherServlet'] 
[2024-01-30 15:39:23,521] - [org.springframework.web.servlet.DispatcherServlet] [initServletBean] -> (INFO) [Completed initialization in 0 ms] 
[2024-01-30 15:45:15,778] - [com.zaxxer.hikari.pool.HikariPool] [run] -> (WARN) [HikariPool-1 - Thread starvation or clock leap detected (housekeeper delta=6m3s939ms914µs).] 
[2024-01-30 15:45:16,732] - [org.springframework.orm.jpa.LocalContainerEntityManagerFactoryBean] [destroy] -> (INFO) [Closing JPA EntityManagerFactory for persistence unit 'default'] 
[2024-01-30 15:45:16,732] - [com.zaxxer.hikari.HikariDataSource] [close] -> (INFO) [HikariPool-1 - Shutdown initiated...] 
[2024-01-30 15:45:16,758] - [com.zaxxer.hikari.HikariDataSource] [close] -> (INFO) [HikariPool-1 - Shutdown completed.] 
[2024-01-30 15:45:51,253] - [com.example.firstSpringProject.FirstSpringProjectApplication] [logStarting] -> (INFO) [Starting FirstSpringProjectApplication using Java 21.0.2 with PID 38536 (C:\Spring-BootPractice\firstSpringProject\firstSpringProject\target\classes started by amit_k in C:\Spring-BootPractice\firstSpringProject\firstSpringProject)] 
[2024-01-30 15:45:51,263] - [com.example.firstSpringProject.FirstSpringProjectApplication] [logStartupProfileInfo] -> (INFO) [No active profile set, falling back to 1 default profile: "default"] 
[2024-01-30 15:45:51,317] - [org.springframework.boot.devtools.env.DevToolsPropertyDefaultsPostProcessor] [logTo] -> (INFO) [Devtools property defaults active! Set 'spring.devtools.add-properties' to 'false' to disable] 
[2024-01-30 15:45:51,317] - [org.springframework.boot.devtools.env.DevToolsPropertyDefaultsPostProcessor] [logTo] -> (INFO) [For additional web related logging consider setting the 'logging.level.web' property to 'DEBUG'] 
[2024-01-30 15:45:52,113] - [org.springframework.data.repository.config.RepositoryConfigurationDelegate] [registerRepositoriesIn] -> (INFO) [Bootstrapping Spring Data JPA repositories in DEFAULT mode.] 
[2024-01-30 15:45:52,204] - [org.springframework.data.repository.config.RepositoryConfigurationDelegate] [registerRepositoriesIn] -> (INFO) [Finished Spring Data repository scanning in 82 ms. Found 1 JPA repository interface.] 
[2024-01-30 15:45:52,889] - [org.springframework.boot.web.embedded.tomcat.TomcatWebServer] [initialize] -> (INFO) [Tomcat initialized with port 8081 (http)] 
[2024-01-30 15:45:52,907] - [org.apache.coyote.http11.Http11NioProtocol] [log] -> (INFO) [Initializing ProtocolHandler ["http-nio-8081"]] 
[2024-01-30 15:45:52,912] - [org.apache.catalina.core.StandardService] [log] -> (INFO) [Starting service [Tomcat]] 
[2024-01-30 15:45:52,912] - [org.apache.catalina.core.StandardEngine] [log] -> (INFO) [Starting Servlet engine: [Apache Tomcat/10.1.18]] 
[2024-01-30 15:45:53,013] - [org.apache.catalina.core.ContainerBase.[Tomcat].[localhost].[/]] [log] -> (INFO) [Initializing Spring embedded WebApplicationContext] 
[2024-01-30 15:45:53,019] - [org.springframework.boot.web.servlet.context.ServletWebServerApplicationContext] [prepareWebApplicationContext] -> (INFO) [Root WebApplicationContext: initialization completed in 1693 ms] 
[2024-01-30 15:45:53,277] - [org.hibernate.jpa.internal.util.LogHelper] [logPersistenceUnitInformation] -> (INFO) [HHH000204: Processing PersistenceUnitInfo [name: default]] 
[2024-01-30 15:45:53,350] - [org.hibernate.Version] [logVersion] -> (INFO) [HHH000412: Hibernate ORM core version 6.4.1.Final] 
[2024-01-30 15:45:53,397] - [org.hibernate.cache.internal.RegionFactoryInitiator] [initiateService] -> (INFO) [HHH000026: Second-level cache disabled] 
[2024-01-30 15:45:53,688] - [org.springframework.orm.jpa.persistenceunit.SpringPersistenceUnitInfo] [addTransformer] -> (INFO) [No LoadTimeWeaver setup: ignoring JPA class transformer] 
[2024-01-30 15:45:53,714] - [com.zaxxer.hikari.HikariDataSource] [getConnection] -> (INFO) [HikariPool-1 - Starting...] 
[2024-01-30 15:45:54,125] - [com.zaxxer.hikari.pool.HikariPool] [checkFailFast] -> (INFO) [HikariPool-1 - Added connection com.mysql.cj.jdbc.ConnectionImpl@4e4c4aed] 
[2024-01-30 15:45:54,125] - [com.zaxxer.hikari.HikariDataSource] [getConnection] -> (INFO) [HikariPool-1 - Start completed.] 
[2024-01-30 15:45:55,107] - [org.hibernate.engine.transaction.jta.platform.internal.JtaPlatformInitiator] [initiateService] -> (INFO) [HHH000489: No JTA platform available (set 'hibernate.transaction.jta.platform' to enable JTA platform integration)] 
[2024-01-30 15:45:55,163] - [org.springframework.orm.jpa.LocalContainerEntityManagerFactoryBean] [buildNativeEntityManagerFactory] -> (INFO) [Initialized JPA EntityManagerFactory for persistence unit 'default'] 
[2024-01-30 15:45:55,556] - [org.springframework.boot.autoconfigure.orm.jpa.JpaBaseConfiguration$JpaWebConfiguration] [openEntityManagerInViewInterceptor] -> (WARN) [spring.jpa.open-in-view is enabled by default. Therefore, database queries may be performed during view rendering. Explicitly configure spring.jpa.open-in-view to disable this warning] 
[2024-01-30 15:45:56,024] - [org.springframework.boot.devtools.autoconfigure.OptionalLiveReloadServer] [startServer] -> (WARN) [Unable to start LiveReload server] 
[2024-01-30 15:45:56,048] - [org.apache.coyote.http11.Http11NioProtocol] [log] -> (INFO) [Starting ProtocolHandler ["http-nio-8081"]] 
[2024-01-30 15:45:56,089] - [org.springframework.boot.web.embedded.tomcat.TomcatWebServer] [start] -> (INFO) [Tomcat started on port 8081 (http) with context path ''] 
[2024-01-30 15:45:56,102] - [com.example.firstSpringProject.FirstSpringProjectApplication] [logStarted] -> (INFO) [Started FirstSpringProjectApplication in 5.22 seconds (process running for 7.928)] 
[2024-01-30 15:45:56,105] - [com.example.firstSpringProject.FirstSpringProjectApplication] [main] -> (INFO) [this is first info] 
[2024-01-30 15:46:24,793] - [org.apache.catalina.core.ContainerBase.[Tomcat].[localhost].[/]] [log] -> (INFO) [Initializing Spring DispatcherServlet 'dispatcherServlet'] 
[2024-01-30 15:46:24,793] - [org.springframework.web.servlet.DispatcherServlet] [initServletBean] -> (INFO) [Initializing Servlet 'dispatcherServlet'] 
[2024-01-30 15:46:24,796] - [org.springframework.web.servlet.DispatcherServlet] [initServletBean] -> (INFO) [Completed initialization in 3 ms] 
[2024-01-30 15:46:25,150] - [com.example.firstSpringProject.controller.EmployeeController] [updateEmployeeDetails] -> (INFO) [Employee Details updated Sucessfully: Employee(empId=2, empName=Taushif Ahmed, empSalary=50000.0, department=DIGITAL, baseLocation=Noida,Uttarpradesh, empMobile=8345732125, empEmail=taushifahmed@gmail.com)] 
[2024-01-30 16:09:39,690] - [org.springframework.orm.jpa.LocalContainerEntityManagerFactoryBean] [destroy] -> (INFO) [Closing JPA EntityManagerFactory for persistence unit 'default'] 
[2024-01-30 16:09:39,694] - [com.zaxxer.hikari.HikariDataSource] [close] -> (INFO) [HikariPool-1 - Shutdown initiated...] 
[2024-01-30 16:09:39,712] - [com.zaxxer.hikari.HikariDataSource] [close] -> (INFO) [HikariPool-1 - Shutdown completed.] 
[2024-01-30 16:16:49,195] - [org.springframework.test.context.support.AnnotationConfigContextLoaderUtils] [detectDefaultConfigurationClasses] -> (INFO) [Could not detect default configuration classes for test class [com.example.firstSpringProject.FirstSpringProjectApplicationTests]: FirstSpringProjectApplicationTests does not declare any static, non-private, non-final, nested classes annotated with @Configuration.] 
[2024-01-30 16:16:49,357] - [org.springframework.boot.test.context.SpringBootTestContextBootstrapper] [getOrFindConfigurationClasses] -> (INFO) [Found @SpringBootConfiguration com.example.firstSpringProject.FirstSpringProjectApplication for test class com.example.firstSpringProject.FirstSpringProjectApplicationTests] 
[2024-01-30 16:16:49,552] - [org.springframework.boot.devtools.restart.RestartApplicationListener] [onApplicationStartingEvent] -> (INFO) [Restart disabled due to context in which it is running] 
[2024-01-30 16:16:49,847] - [com.example.firstSpringProject.FirstSpringProjectApplicationTests] [logStarting] -> (INFO) [Starting FirstSpringProjectApplicationTests using Java 21.0.2 with PID 38284 (started by amit_k in C:\Spring-BootPractice\firstSpringProject\firstSpringProject)] 
[2024-01-30 16:16:49,849] - [com.example.firstSpringProject.FirstSpringProjectApplicationTests] [logStartupProfileInfo] -> (INFO) [No active profile set, falling back to 1 default profile: "default"] 
[2024-01-30 16:16:50,686] - [org.springframework.data.repository.config.RepositoryConfigurationDelegate] [registerRepositoriesIn] -> (INFO) [Bootstrapping Spring Data JPA repositories in DEFAULT mode.] 
[2024-01-30 16:16:50,773] - [org.springframework.data.repository.config.RepositoryConfigurationDelegate] [registerRepositoriesIn] -> (INFO) [Finished Spring Data repository scanning in 75 ms. Found 1 JPA repository interface.] 
[2024-01-30 16:16:51,368] - [org.hibernate.jpa.internal.util.LogHelper] [logPersistenceUnitInformation] -> (INFO) [HHH000204: Processing PersistenceUnitInfo [name: default]] 
[2024-01-30 16:16:51,502] - [org.hibernate.Version] [logVersion] -> (INFO) [HHH000412: Hibernate ORM core version 6.4.1.Final] 
[2024-01-30 16:16:51,564] - [org.hibernate.cache.internal.RegionFactoryInitiator] [initiateService] -> (INFO) [HHH000026: Second-level cache disabled] 
[2024-01-30 16:16:51,980] - [org.springframework.orm.jpa.persistenceunit.SpringPersistenceUnitInfo] [addTransformer] -> (INFO) [No LoadTimeWeaver setup: ignoring JPA class transformer] 
[2024-01-30 16:16:52,034] - [com.zaxxer.hikari.HikariDataSource] [getConnection] -> (INFO) [HikariPool-1 - Starting...] 
[2024-01-30 16:16:52,486] - [com.zaxxer.hikari.pool.HikariPool] [checkFailFast] -> (INFO) [HikariPool-1 - Added connection com.mysql.cj.jdbc.ConnectionImpl@654b899f] 
[2024-01-30 16:16:52,488] - [com.zaxxer.hikari.HikariDataSource] [getConnection] -> (INFO) [HikariPool-1 - Start completed.] 
[2024-01-30 16:16:53,652] - [org.hibernate.engine.transaction.jta.platform.internal.JtaPlatformInitiator] [initiateService] -> (INFO) [HHH000489: No JTA platform available (set 'hibernate.transaction.jta.platform' to enable JTA platform integration)] 
[2024-01-30 16:16:53,709] - [org.springframework.orm.jpa.LocalContainerEntityManagerFactoryBean] [buildNativeEntityManagerFactory] -> (INFO) [Initialized JPA EntityManagerFactory for persistence unit 'default'] 
[2024-01-30 16:16:54,182] - [org.springframework.boot.autoconfigure.orm.jpa.JpaBaseConfiguration$JpaWebConfiguration] [openEntityManagerInViewInterceptor] -> (WARN) [spring.jpa.open-in-view is enabled by default. Therefore, database queries may be performed during view rendering. Explicitly configure spring.jpa.open-in-view to disable this warning] 
[2024-01-30 16:16:54,627] - [com.example.firstSpringProject.FirstSpringProjectApplicationTests] [logStarted] -> (INFO) [Started FirstSpringProjectApplicationTests in 5.09 seconds (process running for 8.579)] 
[2024-01-30 16:16:56,316] - [org.springframework.orm.jpa.LocalContainerEntityManagerFactoryBean] [destroy] -> (INFO) [Closing JPA EntityManagerFactory for persistence unit 'default'] 
[2024-01-30 16:16:56,321] - [com.zaxxer.hikari.HikariDataSource] [close] -> (INFO) [HikariPool-1 - Shutdown initiated...] 
[2024-01-30 16:16:56,339] - [com.zaxxer.hikari.HikariDataSource] [close] -> (INFO) [HikariPool-1 - Shutdown completed.] 
