[2024-02-06 10:53:03,869] - [com.example.firstSpringProject.FirstSpringProjectApplication] [logStarting] -> (INFO) [Starting FirstSpringProjectApplication using Java 21.0.2 with PID 16796 (C:\Spring-BootPractice\firstSpringProject\firstSpringProject\target\classes started by amit_k in C:\Spring-BootPractice\firstSpringProject\firstSpringProject)] 
[2024-02-06 10:53:03,885] - [com.example.firstSpringProject.FirstSpringProjectApplication] [logStartupProfileInfo] -> (INFO) [No active profile set, falling back to 1 default profile: "default"] 
[2024-02-06 10:53:03,944] - [org.springframework.boot.devtools.env.DevToolsPropertyDefaultsPostProcessor] [logTo] -> (INFO) [Devtools property defaults active! Set 'spring.devtools.add-properties' to 'false' to disable] 
[2024-02-06 10:53:03,944] - [org.springframework.boot.devtools.env.DevToolsPropertyDefaultsPostProcessor] [logTo] -> (INFO) [For additional web related logging consider setting the 'logging.level.web' property to 'DEBUG'] 
[2024-02-06 10:53:04,746] - [org.springframework.data.repository.config.RepositoryConfigurationDelegate] [registerRepositoriesIn] -> (INFO) [Bootstrapping Spring Data JPA repositories in DEFAULT mode.] 
[2024-02-06 10:53:04,835] - [org.springframework.data.repository.config.RepositoryConfigurationDelegate] [registerRepositoriesIn] -> (INFO) [Finished Spring Data repository scanning in 77 ms. Found 1 JPA repository interface.] 
[2024-02-06 10:53:05,494] - [org.springframework.boot.web.embedded.tomcat.TomcatWebServer] [initialize] -> (INFO) [Tomcat initialized with port 8081 (http)] 
[2024-02-06 10:53:05,510] - [org.apache.coyote.http11.Http11NioProtocol] [log] -> (INFO) [Initializing ProtocolHandler ["http-nio-8081"]] 
[2024-02-06 10:53:05,520] - [org.apache.catalina.core.StandardService] [log] -> (INFO) [Starting service [Tomcat]] 
[2024-02-06 10:53:05,520] - [org.apache.catalina.core.StandardEngine] [log] -> (INFO) [Starting Servlet engine: [Apache Tomcat/10.1.18]] 
[2024-02-06 10:53:05,605] - [org.apache.catalina.core.ContainerBase.[Tomcat].[localhost].[/]] [log] -> (INFO) [Initializing Spring embedded WebApplicationContext] 
[2024-02-06 10:53:05,607] - [org.springframework.boot.web.servlet.context.ServletWebServerApplicationContext] [prepareWebApplicationContext] -> (INFO) [Root WebApplicationContext: initialization completed in 1660 ms] 
[2024-02-06 10:53:05,868] - [org.hibernate.jpa.internal.util.LogHelper] [logPersistenceUnitInformation] -> (INFO) [HHH000204: Processing PersistenceUnitInfo [name: default]] 
[2024-02-06 10:53:05,968] - [org.hibernate.Version] [logVersion] -> (INFO) [HHH000412: Hibernate ORM core version 6.4.1.Final] 
[2024-02-06 10:53:06,021] - [org.hibernate.cache.internal.RegionFactoryInitiator] [initiateService] -> (INFO) [HHH000026: Second-level cache disabled] 
[2024-02-06 10:53:06,311] - [org.springframework.orm.jpa.persistenceunit.SpringPersistenceUnitInfo] [addTransformer] -> (INFO) [No LoadTimeWeaver setup: ignoring JPA class transformer] 
[2024-02-06 10:53:06,346] - [com.zaxxer.hikari.HikariDataSource] [getConnection] -> (INFO) [HikariPool-1 - Starting...] 
[2024-02-06 10:53:06,979] - [com.zaxxer.hikari.pool.HikariPool] [checkFailFast] -> (INFO) [HikariPool-1 - Added connection com.mysql.cj.jdbc.ConnectionImpl@79f09808] 
[2024-02-06 10:53:06,981] - [com.zaxxer.hikari.HikariDataSource] [getConnection] -> (INFO) [HikariPool-1 - Start completed.] 
[2024-02-06 10:53:07,955] - [org.hibernate.engine.transaction.jta.platform.internal.JtaPlatformInitiator] [initiateService] -> (INFO) [HHH000489: No JTA platform available (set 'hibernate.transaction.jta.platform' to enable JTA platform integration)] 
[2024-02-06 10:53:08,022] - [org.springframework.orm.jpa.LocalContainerEntityManagerFactoryBean] [buildNativeEntityManagerFactory] -> (INFO) [Initialized JPA EntityManagerFactory for persistence unit 'default'] 
[2024-02-06 10:53:08,573] - [org.springframework.boot.autoconfigure.orm.jpa.JpaBaseConfiguration$JpaWebConfiguration] [openEntityManagerInViewInterceptor] -> (WARN) [spring.jpa.open-in-view is enabled by default. Therefore, database queries may be performed during view rendering. Explicitly configure spring.jpa.open-in-view to disable this warning] 
[2024-02-06 10:53:08,981] - [org.springframework.boot.devtools.autoconfigure.OptionalLiveReloadServer] [startServer] -> (INFO) [LiveReload server is running on port 35729] 
[2024-02-06 10:53:08,995] - [org.apache.coyote.http11.Http11NioProtocol] [log] -> (INFO) [Starting ProtocolHandler ["http-nio-8081"]] 
[2024-02-06 10:53:09,037] - [org.springframework.boot.web.embedded.tomcat.TomcatWebServer] [start] -> (INFO) [Tomcat started on port 8081 (http) with context path ''] 
[2024-02-06 10:53:09,045] - [com.example.firstSpringProject.FirstSpringProjectApplication] [logStarted] -> (INFO) [Started FirstSpringProjectApplication in 5.525 seconds (process running for 7.633)] 
[2024-02-06 10:53:09,051] - [com.example.firstSpringProject.FirstSpringProjectApplication] [main] -> (INFO) [this is first info] 
[2024-02-06 10:54:25,549] - [org.apache.catalina.core.ContainerBase.[Tomcat].[localhost].[/]] [log] -> (INFO) [Initializing Spring DispatcherServlet 'dispatcherServlet'] 
[2024-02-06 10:54:25,549] - [org.springframework.web.servlet.DispatcherServlet] [initServletBean] -> (INFO) [Initializing Servlet 'dispatcherServlet'] 
[2024-02-06 10:54:25,551] - [org.springframework.web.servlet.DispatcherServlet] [initServletBean] -> (INFO) [Completed initialization in 1 ms] 
[2024-02-06 10:54:25,678] - [org.apache.catalina.core.ContainerBase.[Tomcat].[localhost].[/].[dispatcherServlet]] [log] -> (ERROR) [Servlet.service() for servlet [dispatcherServlet] in context with path [] threw exception [Request processing failed: com.example.firstSpringProject.exception.EmployeeNotFoundException: Could not find Employee by given Employee Id :134] with root cause] 
com.example.firstSpringProject.exception.EmployeeNotFoundException: Could not find Employee by given Employee Id :134
	at com.example.firstSpringProject.serviceImpl.EmployeeServiceImpl.lambda$getEmployeeById$0(EmployeeServiceImpl.java:29) ~[classes/:?]
	at java.base/java.util.Optional.orElseThrow(Optional.java:403) ~[?:?]
	at com.example.firstSpringProject.serviceImpl.EmployeeServiceImpl.getEmployeeById(EmployeeServiceImpl.java:29) ~[classes/:?]
	at com.example.firstSpringProject.controller.EmployeeController.getEmployeeDetailsById(EmployeeController.java:57) ~[classes/:?]
	at java.base/jdk.internal.reflect.DirectMethodHandleAccessor.invoke(DirectMethodHandleAccessor.java:103) ~[?:?]
	at java.base/java.lang.reflect.Method.invoke(Method.java:580) ~[?:?]
	at org.springframework.web.method.support.InvocableHandlerMethod.doInvoke(InvocableHandlerMethod.java:261) ~[spring-web-6.1.3.jar:6.1.3]
	at org.springframework.web.method.support.InvocableHandlerMethod.invokeForRequest(InvocableHandlerMethod.java:189) ~[spring-web-6.1.3.jar:6.1.3]
	at org.springframework.web.servlet.mvc.method.annotation.ServletInvocableHandlerMethod.invokeAndHandle(ServletInvocableHandlerMethod.java:118) ~[spring-webmvc-6.1.3.jar:6.1.3]
	at org.springframework.web.servlet.mvc.method.annotation.RequestMappingHandlerAdapter.invokeHandlerMethod(RequestMappingHandlerAdapter.java:917) ~[spring-webmvc-6.1.3.jar:6.1.3]
	at org.springframework.web.servlet.mvc.method.annotation.RequestMappingHandlerAdapter.handleInternal(RequestMappingHandlerAdapter.java:829) ~[spring-webmvc-6.1.3.jar:6.1.3]
	at org.springframework.web.servlet.mvc.method.AbstractHandlerMethodAdapter.handle(AbstractHandlerMethodAdapter.java:87) ~[spring-webmvc-6.1.3.jar:6.1.3]
	at org.springframework.web.servlet.DispatcherServlet.doDispatch(DispatcherServlet.java:1089) ~[spring-webmvc-6.1.3.jar:6.1.3]
	at org.springframework.web.servlet.DispatcherServlet.doService(DispatcherServlet.java:979) ~[spring-webmvc-6.1.3.jar:6.1.3]
	at org.springframework.web.servlet.FrameworkServlet.processRequest(FrameworkServlet.java:1014) ~[spring-webmvc-6.1.3.jar:6.1.3]
	at org.springframework.web.servlet.FrameworkServlet.doGet(FrameworkServlet.java:903) ~[spring-webmvc-6.1.3.jar:6.1.3]
	at jakarta.servlet.http.HttpServlet.service(HttpServlet.java:564) ~[tomcat-embed-core-10.1.18.jar:6.0]
	at org.springframework.web.servlet.FrameworkServlet.service(FrameworkServlet.java:885) ~[spring-webmvc-6.1.3.jar:6.1.3]
	at jakarta.servlet.http.HttpServlet.service(HttpServlet.java:658) ~[tomcat-embed-core-10.1.18.jar:6.0]
	at org.apache.catalina.core.ApplicationFilterChain.internalDoFilter(ApplicationFilterChain.java:205) ~[tomcat-embed-core-10.1.18.jar:10.1.18]
	at org.apache.catalina.core.ApplicationFilterChain.doFilter(ApplicationFilterChain.java:149) ~[tomcat-embed-core-10.1.18.jar:10.1.18]
	at org.apache.tomcat.websocket.server.WsFilter.doFilter(WsFilter.java:51) ~[tomcat-embed-websocket-10.1.18.jar:10.1.18]
	at org.apache.catalina.core.ApplicationFilterChain.internalDoFilter(ApplicationFilterChain.java:174) ~[tomcat-embed-core-10.1.18.jar:10.1.18]
	at org.apache.catalina.core.ApplicationFilterChain.doFilter(ApplicationFilterChain.java:149) ~[tomcat-embed-core-10.1.18.jar:10.1.18]
	at org.springframework.web.filter.RequestContextFilter.doFilterInternal(RequestContextFilter.java:100) ~[spring-web-6.1.3.jar:6.1.3]
	at org.springframework.web.filter.OncePerRequestFilter.doFilter(OncePerRequestFilter.java:116) ~[spring-web-6.1.3.jar:6.1.3]
	at org.apache.catalina.core.ApplicationFilterChain.internalDoFilter(ApplicationFilterChain.java:174) ~[tomcat-embed-core-10.1.18.jar:10.1.18]
	at org.apache.catalina.core.ApplicationFilterChain.doFilter(ApplicationFilterChain.java:149) ~[tomcat-embed-core-10.1.18.jar:10.1.18]
	at org.springframework.web.filter.FormContentFilter.doFilterInternal(FormContentFilter.java:93) ~[spring-web-6.1.3.jar:6.1.3]
	at org.springframework.web.filter.OncePerRequestFilter.doFilter(OncePerRequestFilter.java:116) ~[spring-web-6.1.3.jar:6.1.3]
	at org.apache.catalina.core.ApplicationFilterChain.internalDoFilter(ApplicationFilterChain.java:174) ~[tomcat-embed-core-10.1.18.jar:10.1.18]
	at org.apache.catalina.core.ApplicationFilterChain.doFilter(ApplicationFilterChain.java:149) ~[tomcat-embed-core-10.1.18.jar:10.1.18]
	at org.springframework.web.filter.CharacterEncodingFilter.doFilterInternal(CharacterEncodingFilter.java:201) ~[spring-web-6.1.3.jar:6.1.3]
	at org.springframework.web.filter.OncePerRequestFilter.doFilter(OncePerRequestFilter.java:116) ~[spring-web-6.1.3.jar:6.1.3]
	at org.apache.catalina.core.ApplicationFilterChain.internalDoFilter(ApplicationFilterChain.java:174) ~[tomcat-embed-core-10.1.18.jar:10.1.18]
	at org.apache.catalina.core.ApplicationFilterChain.doFilter(ApplicationFilterChain.java:149) ~[tomcat-embed-core-10.1.18.jar:10.1.18]
	at org.apache.catalina.core.StandardWrapperValve.invoke(StandardWrapperValve.java:167) ~[tomcat-embed-core-10.1.18.jar:10.1.18]
	at org.apache.catalina.core.StandardContextValve.invoke(StandardContextValve.java:90) ~[tomcat-embed-core-10.1.18.jar:10.1.18]
	at org.apache.catalina.authenticator.AuthenticatorBase.invoke(AuthenticatorBase.java:482) ~[tomcat-embed-core-10.1.18.jar:10.1.18]
	at org.apache.catalina.core.StandardHostValve.invoke(StandardHostValve.java:115) ~[tomcat-embed-core-10.1.18.jar:10.1.18]
	at org.apache.catalina.valves.ErrorReportValve.invoke(ErrorReportValve.java:93) ~[tomcat-embed-core-10.1.18.jar:10.1.18]
	at org.apache.catalina.core.StandardEngineValve.invoke(StandardEngineValve.java:74) ~[tomcat-embed-core-10.1.18.jar:10.1.18]
	at org.apache.catalina.connector.CoyoteAdapter.service(CoyoteAdapter.java:340) ~[tomcat-embed-core-10.1.18.jar:10.1.18]
	at org.apache.coyote.http11.Http11Processor.service(Http11Processor.java:391) ~[tomcat-embed-core-10.1.18.jar:10.1.18]
	at org.apache.coyote.AbstractProcessorLight.process(AbstractProcessorLight.java:63) ~[tomcat-embed-core-10.1.18.jar:10.1.18]
	at org.apache.coyote.AbstractProtocol$ConnectionHandler.process(AbstractProtocol.java:896) ~[tomcat-embed-core-10.1.18.jar:10.1.18]
	at org.apache.tomcat.util.net.NioEndpoint$SocketProcessor.doRun(NioEndpoint.java:1744) ~[tomcat-embed-core-10.1.18.jar:10.1.18]
	at org.apache.tomcat.util.net.SocketProcessorBase.run(SocketProcessorBase.java:52) ~[tomcat-embed-core-10.1.18.jar:10.1.18]
	at org.apache.tomcat.util.threads.ThreadPoolExecutor.runWorker(ThreadPoolExecutor.java:1191) ~[tomcat-embed-core-10.1.18.jar:10.1.18]
	at org.apache.tomcat.util.threads.ThreadPoolExecutor$Worker.run(ThreadPoolExecutor.java:659) ~[tomcat-embed-core-10.1.18.jar:10.1.18]
	at org.apache.tomcat.util.threads.TaskThread$WrappingRunnable.run(TaskThread.java:61) ~[tomcat-embed-core-10.1.18.jar:10.1.18]
	at java.base/java.lang.Thread.run(Thread.java:1583) [?:?]
[2024-02-06 11:07:46,478] - [org.springframework.orm.jpa.LocalContainerEntityManagerFactoryBean] [destroy] -> (INFO) [Closing JPA EntityManagerFactory for persistence unit 'default'] 
[2024-02-06 11:07:46,482] - [com.zaxxer.hikari.HikariDataSource] [close] -> (INFO) [HikariPool-1 - Shutdown initiated...] 
[2024-02-06 11:07:46,485] - [com.zaxxer.hikari.HikariDataSource] [close] -> (INFO) [HikariPool-1 - Shutdown completed.] 
[2024-02-06 11:08:30,876] - [com.example.firstSpringProject.FirstSpringProjectApplication] [logStarting] -> (INFO) [Starting FirstSpringProjectApplication using Java 21.0.2 with PID 4232 (C:\Spring-BootPractice\firstSpringProject\firstSpringProject\target\classes started by amit_k in C:\Spring-BootPractice\firstSpringProject\firstSpringProject)] 
[2024-02-06 11:08:30,886] - [com.example.firstSpringProject.FirstSpringProjectApplication] [logStartupProfileInfo] -> (INFO) [No active profile set, falling back to 1 default profile: "default"] 
[2024-02-06 11:08:30,935] - [org.springframework.boot.devtools.env.DevToolsPropertyDefaultsPostProcessor] [logTo] -> (INFO) [Devtools property defaults active! Set 'spring.devtools.add-properties' to 'false' to disable] 
[2024-02-06 11:08:30,936] - [org.springframework.boot.devtools.env.DevToolsPropertyDefaultsPostProcessor] [logTo] -> (INFO) [For additional web related logging consider setting the 'logging.level.web' property to 'DEBUG'] 
[2024-02-06 11:08:31,680] - [org.springframework.data.repository.config.RepositoryConfigurationDelegate] [registerRepositoriesIn] -> (INFO) [Bootstrapping Spring Data JPA repositories in DEFAULT mode.] 
[2024-02-06 11:08:31,771] - [org.springframework.data.repository.config.RepositoryConfigurationDelegate] [registerRepositoriesIn] -> (INFO) [Finished Spring Data repository scanning in 81 ms. Found 1 JPA repository interface.] 
[2024-02-06 11:08:32,415] - [org.springframework.boot.web.embedded.tomcat.TomcatWebServer] [initialize] -> (INFO) [Tomcat initialized with port 8081 (http)] 
[2024-02-06 11:08:32,427] - [org.apache.coyote.http11.Http11NioProtocol] [log] -> (INFO) [Initializing ProtocolHandler ["http-nio-8081"]] 
[2024-02-06 11:08:32,430] - [org.apache.catalina.core.StandardService] [log] -> (INFO) [Starting service [Tomcat]] 
[2024-02-06 11:08:32,430] - [org.apache.catalina.core.StandardEngine] [log] -> (INFO) [Starting Servlet engine: [Apache Tomcat/10.1.18]] 
[2024-02-06 11:08:32,506] - [org.apache.catalina.core.ContainerBase.[Tomcat].[localhost].[/]] [log] -> (INFO) [Initializing Spring embedded WebApplicationContext] 
[2024-02-06 11:08:32,507] - [org.springframework.boot.web.servlet.context.ServletWebServerApplicationContext] [prepareWebApplicationContext] -> (INFO) [Root WebApplicationContext: initialization completed in 1569 ms] 
[2024-02-06 11:08:32,728] - [org.hibernate.jpa.internal.util.LogHelper] [logPersistenceUnitInformation] -> (INFO) [HHH000204: Processing PersistenceUnitInfo [name: default]] 
[2024-02-06 11:08:32,819] - [org.hibernate.Version] [logVersion] -> (INFO) [HHH000412: Hibernate ORM core version 6.4.1.Final] 
[2024-02-06 11:08:32,875] - [org.hibernate.cache.internal.RegionFactoryInitiator] [initiateService] -> (INFO) [HHH000026: Second-level cache disabled] 
[2024-02-06 11:08:33,147] - [org.springframework.orm.jpa.persistenceunit.SpringPersistenceUnitInfo] [addTransformer] -> (INFO) [No LoadTimeWeaver setup: ignoring JPA class transformer] 
[2024-02-06 11:08:33,184] - [com.zaxxer.hikari.HikariDataSource] [getConnection] -> (INFO) [HikariPool-1 - Starting...] 
[2024-02-06 11:08:33,721] - [com.zaxxer.hikari.pool.HikariPool] [checkFailFast] -> (INFO) [HikariPool-1 - Added connection com.mysql.cj.jdbc.ConnectionImpl@ee0de3c] 
[2024-02-06 11:08:33,723] - [com.zaxxer.hikari.HikariDataSource] [getConnection] -> (INFO) [HikariPool-1 - Start completed.] 
[2024-02-06 11:08:34,580] - [org.hibernate.engine.transaction.jta.platform.internal.JtaPlatformInitiator] [initiateService] -> (INFO) [HHH000489: No JTA platform available (set 'hibernate.transaction.jta.platform' to enable JTA platform integration)] 
[2024-02-06 11:08:34,616] - [org.springframework.orm.jpa.LocalContainerEntityManagerFactoryBean] [buildNativeEntityManagerFactory] -> (INFO) [Initialized JPA EntityManagerFactory for persistence unit 'default'] 
[2024-02-06 11:08:35,109] - [org.springframework.boot.autoconfigure.orm.jpa.JpaBaseConfiguration$JpaWebConfiguration] [openEntityManagerInViewInterceptor] -> (WARN) [spring.jpa.open-in-view is enabled by default. Therefore, database queries may be performed during view rendering. Explicitly configure spring.jpa.open-in-view to disable this warning] 
[2024-02-06 11:08:35,506] - [org.springframework.boot.devtools.autoconfigure.OptionalLiveReloadServer] [startServer] -> (INFO) [LiveReload server is running on port 35729] 
[2024-02-06 11:08:35,519] - [org.apache.coyote.http11.Http11NioProtocol] [log] -> (INFO) [Starting ProtocolHandler ["http-nio-8081"]] 
[2024-02-06 11:08:35,555] - [org.springframework.boot.web.embedded.tomcat.TomcatWebServer] [start] -> (INFO) [Tomcat started on port 8081 (http) with context path ''] 
[2024-02-06 11:08:35,563] - [com.example.firstSpringProject.FirstSpringProjectApplication] [logStarted] -> (INFO) [Started FirstSpringProjectApplication in 4.994 seconds (process running for 6.955)] 
[2024-02-06 11:08:35,567] - [com.example.firstSpringProject.FirstSpringProjectApplication] [main] -> (INFO) [this is first info] 
[2024-02-06 11:08:53,554] - [org.apache.catalina.core.ContainerBase.[Tomcat].[localhost].[/]] [log] -> (INFO) [Initializing Spring DispatcherServlet 'dispatcherServlet'] 
[2024-02-06 11:08:53,554] - [org.springframework.web.servlet.DispatcherServlet] [initServletBean] -> (INFO) [Initializing Servlet 'dispatcherServlet'] 
[2024-02-06 11:08:53,555] - [org.springframework.web.servlet.DispatcherServlet] [initServletBean] -> (INFO) [Completed initialization in 1 ms] 
[2024-02-06 11:08:53,658] - [org.springframework.web.servlet.mvc.method.annotation.ExceptionHandlerExceptionResolver] [logException] -> (WARN) [Resolved [com.example.firstSpringProject.exception.EmployeeNotFoundException: Employee not found with given id134]] 
[2024-02-06 11:11:02,256] - [org.springframework.orm.jpa.LocalContainerEntityManagerFactoryBean] [destroy] -> (INFO) [Closing JPA EntityManagerFactory for persistence unit 'default'] 
[2024-02-06 11:11:02,258] - [com.zaxxer.hikari.HikariDataSource] [close] -> (INFO) [HikariPool-1 - Shutdown initiated...] 
[2024-02-06 11:11:02,268] - [com.zaxxer.hikari.HikariDataSource] [close] -> (INFO) [HikariPool-1 - Shutdown completed.] 
[2024-02-06 11:11:45,957] - [com.example.firstSpringProject.FirstSpringProjectApplication] [logStarting] -> (INFO) [Starting FirstSpringProjectApplication using Java 21.0.2 with PID 8264 (C:\Spring-BootPractice\firstSpringProject\firstSpringProject\target\classes started by amit_k in C:\Spring-BootPractice\firstSpringProject\firstSpringProject)] 
[2024-02-06 11:11:45,969] - [com.example.firstSpringProject.FirstSpringProjectApplication] [logStartupProfileInfo] -> (INFO) [No active profile set, falling back to 1 default profile: "default"] 
[2024-02-06 11:11:46,022] - [org.springframework.boot.devtools.env.DevToolsPropertyDefaultsPostProcessor] [logTo] -> (INFO) [Devtools property defaults active! Set 'spring.devtools.add-properties' to 'false' to disable] 
[2024-02-06 11:11:46,022] - [org.springframework.boot.devtools.env.DevToolsPropertyDefaultsPostProcessor] [logTo] -> (INFO) [For additional web related logging consider setting the 'logging.level.web' property to 'DEBUG'] 
[2024-02-06 11:11:46,740] - [org.springframework.data.repository.config.RepositoryConfigurationDelegate] [registerRepositoriesIn] -> (INFO) [Bootstrapping Spring Data JPA repositories in DEFAULT mode.] 
[2024-02-06 11:11:46,822] - [org.springframework.data.repository.config.RepositoryConfigurationDelegate] [registerRepositoriesIn] -> (INFO) [Finished Spring Data repository scanning in 71 ms. Found 1 JPA repository interface.] 
[2024-02-06 11:11:47,469] - [org.springframework.boot.web.embedded.tomcat.TomcatWebServer] [initialize] -> (INFO) [Tomcat initialized with port 8081 (http)] 
[2024-02-06 11:11:47,483] - [org.apache.coyote.http11.Http11NioProtocol] [log] -> (INFO) [Initializing ProtocolHandler ["http-nio-8081"]] 
[2024-02-06 11:11:47,485] - [org.apache.catalina.core.StandardService] [log] -> (INFO) [Starting service [Tomcat]] 
[2024-02-06 11:11:47,485] - [org.apache.catalina.core.StandardEngine] [log] -> (INFO) [Starting Servlet engine: [Apache Tomcat/10.1.18]] 
[2024-02-06 11:11:47,561] - [org.apache.catalina.core.ContainerBase.[Tomcat].[localhost].[/]] [log] -> (INFO) [Initializing Spring embedded WebApplicationContext] 
[2024-02-06 11:11:47,563] - [org.springframework.boot.web.servlet.context.ServletWebServerApplicationContext] [prepareWebApplicationContext] -> (INFO) [Root WebApplicationContext: initialization completed in 1537 ms] 
[2024-02-06 11:11:47,775] - [org.hibernate.jpa.internal.util.LogHelper] [logPersistenceUnitInformation] -> (INFO) [HHH000204: Processing PersistenceUnitInfo [name: default]] 
[2024-02-06 11:11:47,849] - [org.hibernate.Version] [logVersion] -> (INFO) [HHH000412: Hibernate ORM core version 6.4.1.Final] 
[2024-02-06 11:11:47,890] - [org.hibernate.cache.internal.RegionFactoryInitiator] [initiateService] -> (INFO) [HHH000026: Second-level cache disabled] 
[2024-02-06 11:11:48,158] - [org.springframework.orm.jpa.persistenceunit.SpringPersistenceUnitInfo] [addTransformer] -> (INFO) [No LoadTimeWeaver setup: ignoring JPA class transformer] 
[2024-02-06 11:11:48,186] - [com.zaxxer.hikari.HikariDataSource] [getConnection] -> (INFO) [HikariPool-1 - Starting...] 
[2024-02-06 11:11:48,565] - [com.zaxxer.hikari.pool.HikariPool] [checkFailFast] -> (INFO) [HikariPool-1 - Added connection com.mysql.cj.jdbc.ConnectionImpl@7a5c3203] 
[2024-02-06 11:11:48,568] - [com.zaxxer.hikari.HikariDataSource] [getConnection] -> (INFO) [HikariPool-1 - Start completed.] 
[2024-02-06 11:11:49,461] - [org.hibernate.engine.transaction.jta.platform.internal.JtaPlatformInitiator] [initiateService] -> (INFO) [HHH000489: No JTA platform available (set 'hibernate.transaction.jta.platform' to enable JTA platform integration)] 
[2024-02-06 11:11:49,504] - [org.springframework.orm.jpa.LocalContainerEntityManagerFactoryBean] [buildNativeEntityManagerFactory] -> (INFO) [Initialized JPA EntityManagerFactory for persistence unit 'default'] 
[2024-02-06 11:11:49,967] - [org.springframework.boot.autoconfigure.orm.jpa.JpaBaseConfiguration$JpaWebConfiguration] [openEntityManagerInViewInterceptor] -> (WARN) [spring.jpa.open-in-view is enabled by default. Therefore, database queries may be performed during view rendering. Explicitly configure spring.jpa.open-in-view to disable this warning] 
[2024-02-06 11:11:50,414] - [org.springframework.boot.devtools.autoconfigure.OptionalLiveReloadServer] [startServer] -> (INFO) [LiveReload server is running on port 35729] 
[2024-02-06 11:11:50,429] - [org.apache.coyote.http11.Http11NioProtocol] [log] -> (INFO) [Starting ProtocolHandler ["http-nio-8081"]] 
[2024-02-06 11:11:50,470] - [org.springframework.boot.web.embedded.tomcat.TomcatWebServer] [start] -> (INFO) [Tomcat started on port 8081 (http) with context path ''] 
[2024-02-06 11:11:50,478] - [com.example.firstSpringProject.FirstSpringProjectApplication] [logStarted] -> (INFO) [Started FirstSpringProjectApplication in 4.815 seconds (process running for 6.724)] 
[2024-02-06 11:11:50,482] - [com.example.firstSpringProject.FirstSpringProjectApplication] [main] -> (INFO) [this is first info] 
[2024-02-06 11:11:58,324] - [org.apache.catalina.core.ContainerBase.[Tomcat].[localhost].[/]] [log] -> (INFO) [Initializing Spring DispatcherServlet 'dispatcherServlet'] 
[2024-02-06 11:11:58,325] - [org.springframework.web.servlet.DispatcherServlet] [initServletBean] -> (INFO) [Initializing Servlet 'dispatcherServlet'] 
[2024-02-06 11:11:58,326] - [org.springframework.web.servlet.DispatcherServlet] [initServletBean] -> (INFO) [Completed initialization in 1 ms] 
[2024-02-06 11:11:58,460] - [org.springframework.web.servlet.mvc.method.annotation.ExceptionHandlerExceptionResolver] [logException] -> (WARN) [Resolved [com.example.firstSpringProject.exception.EmployeeNotFoundException: Employee not found with given id134]] 
[2024-02-06 12:20:27,098] - [org.springframework.orm.jpa.LocalContainerEntityManagerFactoryBean] [destroy] -> (INFO) [Closing JPA EntityManagerFactory for persistence unit 'default'] 
[2024-02-06 12:20:27,109] - [com.zaxxer.hikari.HikariDataSource] [close] -> (INFO) [HikariPool-1 - Shutdown initiated...] 
[2024-02-06 12:20:27,120] - [com.zaxxer.hikari.HikariDataSource] [close] -> (INFO) [HikariPool-1 - Shutdown completed.] 
[2024-02-06 12:21:01,282] - [com.example.firstSpringProject.FirstSpringProjectApplication] [logStarting] -> (INFO) [Starting FirstSpringProjectApplication using Java 21.0.2 with PID 25920 (C:\Spring-BootPractice\firstSpringProject\firstSpringProject\target\classes started by amit_k in C:\Spring-BootPractice\firstSpringProject\firstSpringProject)] 
[2024-02-06 12:21:01,291] - [com.example.firstSpringProject.FirstSpringProjectApplication] [logStartupProfileInfo] -> (INFO) [No active profile set, falling back to 1 default profile: "default"] 
[2024-02-06 12:21:01,350] - [org.springframework.boot.devtools.env.DevToolsPropertyDefaultsPostProcessor] [logTo] -> (INFO) [Devtools property defaults active! Set 'spring.devtools.add-properties' to 'false' to disable] 
[2024-02-06 12:21:01,350] - [org.springframework.boot.devtools.env.DevToolsPropertyDefaultsPostProcessor] [logTo] -> (INFO) [For additional web related logging consider setting the 'logging.level.web' property to 'DEBUG'] 
[2024-02-06 12:21:02,127] - [org.springframework.data.repository.config.RepositoryConfigurationDelegate] [registerRepositoriesIn] -> (INFO) [Bootstrapping Spring Data JPA repositories in DEFAULT mode.] 
[2024-02-06 12:21:02,203] - [org.springframework.data.repository.config.RepositoryConfigurationDelegate] [registerRepositoriesIn] -> (INFO) [Finished Spring Data repository scanning in 69 ms. Found 1 JPA repository interface.] 
[2024-02-06 12:21:02,845] - [org.springframework.boot.web.embedded.tomcat.TomcatWebServer] [initialize] -> (INFO) [Tomcat initialized with port 8081 (http)] 
[2024-02-06 12:21:02,858] - [org.apache.coyote.http11.Http11NioProtocol] [log] -> (INFO) [Initializing ProtocolHandler ["http-nio-8081"]] 
[2024-02-06 12:21:02,861] - [org.apache.catalina.core.StandardService] [log] -> (INFO) [Starting service [Tomcat]] 
[2024-02-06 12:21:02,861] - [org.apache.catalina.core.StandardEngine] [log] -> (INFO) [Starting Servlet engine: [Apache Tomcat/10.1.18]] 
[2024-02-06 12:21:02,943] - [org.apache.catalina.core.ContainerBase.[Tomcat].[localhost].[/]] [log] -> (INFO) [Initializing Spring embedded WebApplicationContext] 
[2024-02-06 12:21:02,943] - [org.springframework.boot.web.servlet.context.ServletWebServerApplicationContext] [prepareWebApplicationContext] -> (INFO) [Root WebApplicationContext: initialization completed in 1589 ms] 
[2024-02-06 12:21:03,178] - [org.hibernate.jpa.internal.util.LogHelper] [logPersistenceUnitInformation] -> (INFO) [HHH000204: Processing PersistenceUnitInfo [name: default]] 
[2024-02-06 12:21:03,294] - [org.hibernate.Version] [logVersion] -> (INFO) [HHH000412: Hibernate ORM core version 6.4.1.Final] 
[2024-02-06 12:21:03,367] - [org.hibernate.cache.internal.RegionFactoryInitiator] [initiateService] -> (INFO) [HHH000026: Second-level cache disabled] 
[2024-02-06 12:21:03,657] - [org.springframework.orm.jpa.persistenceunit.SpringPersistenceUnitInfo] [addTransformer] -> (INFO) [No LoadTimeWeaver setup: ignoring JPA class transformer] 
[2024-02-06 12:21:03,686] - [com.zaxxer.hikari.HikariDataSource] [getConnection] -> (INFO) [HikariPool-1 - Starting...] 
[2024-02-06 12:21:04,095] - [com.zaxxer.hikari.pool.HikariPool] [checkFailFast] -> (INFO) [HikariPool-1 - Added connection com.mysql.cj.jdbc.ConnectionImpl@450d240d] 
[2024-02-06 12:21:04,095] - [com.zaxxer.hikari.HikariDataSource] [getConnection] -> (INFO) [HikariPool-1 - Start completed.] 
[2024-02-06 12:21:04,989] - [org.hibernate.engine.transaction.jta.platform.internal.JtaPlatformInitiator] [initiateService] -> (INFO) [HHH000489: No JTA platform available (set 'hibernate.transaction.jta.platform' to enable JTA platform integration)] 
[2024-02-06 12:21:05,030] - [org.springframework.orm.jpa.LocalContainerEntityManagerFactoryBean] [buildNativeEntityManagerFactory] -> (INFO) [Initialized JPA EntityManagerFactory for persistence unit 'default'] 
[2024-02-06 12:21:05,541] - [org.springframework.boot.autoconfigure.orm.jpa.JpaBaseConfiguration$JpaWebConfiguration] [openEntityManagerInViewInterceptor] -> (WARN) [spring.jpa.open-in-view is enabled by default. Therefore, database queries may be performed during view rendering. Explicitly configure spring.jpa.open-in-view to disable this warning] 
[2024-02-06 12:21:06,040] - [org.springframework.boot.devtools.autoconfigure.OptionalLiveReloadServer] [startServer] -> (INFO) [LiveReload server is running on port 35729] 
[2024-02-06 12:21:06,055] - [org.apache.coyote.http11.Http11NioProtocol] [log] -> (INFO) [Starting ProtocolHandler ["http-nio-8081"]] 
[2024-02-06 12:21:06,089] - [org.springframework.boot.web.embedded.tomcat.TomcatWebServer] [start] -> (INFO) [Tomcat started on port 8081 (http) with context path ''] 
[2024-02-06 12:21:06,101] - [com.example.firstSpringProject.FirstSpringProjectApplication] [logStarted] -> (INFO) [Started FirstSpringProjectApplication in 5.136 seconds (process running for 7.196)] 
[2024-02-06 12:21:06,106] - [com.example.firstSpringProject.FirstSpringProjectApplication] [main] -> (INFO) [this is first info] 
[2024-02-06 12:21:08,532] - [org.apache.catalina.core.ContainerBase.[Tomcat].[localhost].[/]] [log] -> (INFO) [Initializing Spring DispatcherServlet 'dispatcherServlet'] 
[2024-02-06 12:21:08,533] - [org.springframework.web.servlet.DispatcherServlet] [initServletBean] -> (INFO) [Initializing Servlet 'dispatcherServlet'] 
[2024-02-06 12:21:08,534] - [org.springframework.web.servlet.DispatcherServlet] [initServletBean] -> (INFO) [Completed initialization in 1 ms] 
[2024-02-06 12:21:08,664] - [org.springframework.web.servlet.mvc.method.annotation.ExceptionHandlerExceptionResolver] [logException] -> (WARN) [Resolved [com.example.firstSpringProject.exception.EmployeeNotFoundException: Employee not found with id : '134']] 
[2024-02-06 12:27:53,429] - [org.springframework.orm.jpa.LocalContainerEntityManagerFactoryBean] [destroy] -> (INFO) [Closing JPA EntityManagerFactory for persistence unit 'default'] 
[2024-02-06 12:27:53,429] - [com.zaxxer.hikari.HikariDataSource] [close] -> (INFO) [HikariPool-1 - Shutdown initiated...] 
[2024-02-06 12:27:53,441] - [com.zaxxer.hikari.HikariDataSource] [close] -> (INFO) [HikariPool-1 - Shutdown completed.] 
[2024-02-06 12:28:10,992] - [com.example.firstSpringProject.FirstSpringProjectApplication] [logStarting] -> (INFO) [Starting FirstSpringProjectApplication using Java 21.0.2 with PID 26900 (C:\Spring-BootPractice\firstSpringProject\firstSpringProject\target\classes started by amit_k in C:\Spring-BootPractice\firstSpringProject\firstSpringProject)] 
[2024-02-06 12:28:11,002] - [com.example.firstSpringProject.FirstSpringProjectApplication] [logStartupProfileInfo] -> (INFO) [No active profile set, falling back to 1 default profile: "default"] 
[2024-02-06 12:28:11,048] - [org.springframework.boot.devtools.env.DevToolsPropertyDefaultsPostProcessor] [logTo] -> (INFO) [Devtools property defaults active! Set 'spring.devtools.add-properties' to 'false' to disable] 
[2024-02-06 12:28:11,048] - [org.springframework.boot.devtools.env.DevToolsPropertyDefaultsPostProcessor] [logTo] -> (INFO) [For additional web related logging consider setting the 'logging.level.web' property to 'DEBUG'] 
[2024-02-06 12:28:11,809] - [org.springframework.data.repository.config.RepositoryConfigurationDelegate] [registerRepositoriesIn] -> (INFO) [Bootstrapping Spring Data JPA repositories in DEFAULT mode.] 
[2024-02-06 12:28:11,903] - [org.springframework.data.repository.config.RepositoryConfigurationDelegate] [registerRepositoriesIn] -> (INFO) [Finished Spring Data repository scanning in 85 ms. Found 1 JPA repository interface.] 
[2024-02-06 12:28:12,564] - [org.springframework.boot.web.embedded.tomcat.TomcatWebServer] [initialize] -> (INFO) [Tomcat initialized with port 8081 (http)] 
[2024-02-06 12:28:12,576] - [org.apache.coyote.http11.Http11NioProtocol] [log] -> (INFO) [Initializing ProtocolHandler ["http-nio-8081"]] 
[2024-02-06 12:28:12,576] - [org.apache.catalina.core.StandardService] [log] -> (INFO) [Starting service [Tomcat]] 
[2024-02-06 12:28:12,576] - [org.apache.catalina.core.StandardEngine] [log] -> (INFO) [Starting Servlet engine: [Apache Tomcat/10.1.18]] 
[2024-02-06 12:28:12,656] - [org.apache.catalina.core.ContainerBase.[Tomcat].[localhost].[/]] [log] -> (INFO) [Initializing Spring embedded WebApplicationContext] 
[2024-02-06 12:28:12,660] - [org.springframework.boot.web.servlet.context.ServletWebServerApplicationContext] [prepareWebApplicationContext] -> (INFO) [Root WebApplicationContext: initialization completed in 1607 ms] 
[2024-02-06 12:28:12,894] - [org.hibernate.jpa.internal.util.LogHelper] [logPersistenceUnitInformation] -> (INFO) [HHH000204: Processing PersistenceUnitInfo [name: default]] 
[2024-02-06 12:28:12,981] - [org.hibernate.Version] [logVersion] -> (INFO) [HHH000412: Hibernate ORM core version 6.4.1.Final] 
[2024-02-06 12:28:13,030] - [org.hibernate.cache.internal.RegionFactoryInitiator] [initiateService] -> (INFO) [HHH000026: Second-level cache disabled] 
[2024-02-06 12:28:13,304] - [org.springframework.orm.jpa.persistenceunit.SpringPersistenceUnitInfo] [addTransformer] -> (INFO) [No LoadTimeWeaver setup: ignoring JPA class transformer] 
[2024-02-06 12:28:13,340] - [com.zaxxer.hikari.HikariDataSource] [getConnection] -> (INFO) [HikariPool-1 - Starting...] 
[2024-02-06 12:28:13,700] - [com.zaxxer.hikari.pool.HikariPool] [checkFailFast] -> (INFO) [HikariPool-1 - Added connection com.mysql.cj.jdbc.ConnectionImpl@fc08ecc] 
[2024-02-06 12:28:13,703] - [com.zaxxer.hikari.HikariDataSource] [getConnection] -> (INFO) [HikariPool-1 - Start completed.] 
[2024-02-06 12:28:14,596] - [org.hibernate.engine.transaction.jta.platform.internal.JtaPlatformInitiator] [initiateService] -> (INFO) [HHH000489: No JTA platform available (set 'hibernate.transaction.jta.platform' to enable JTA platform integration)] 
[2024-02-06 12:28:14,640] - [org.springframework.orm.jpa.LocalContainerEntityManagerFactoryBean] [buildNativeEntityManagerFactory] -> (INFO) [Initialized JPA EntityManagerFactory for persistence unit 'default'] 
[2024-02-06 12:28:15,123] - [org.springframework.boot.autoconfigure.orm.jpa.JpaBaseConfiguration$JpaWebConfiguration] [openEntityManagerInViewInterceptor] -> (WARN) [spring.jpa.open-in-view is enabled by default. Therefore, database queries may be performed during view rendering. Explicitly configure spring.jpa.open-in-view to disable this warning] 
[2024-02-06 12:28:15,532] - [org.springframework.boot.devtools.autoconfigure.OptionalLiveReloadServer] [startServer] -> (INFO) [LiveReload server is running on port 35729] 
[2024-02-06 12:28:15,548] - [org.apache.coyote.http11.Http11NioProtocol] [log] -> (INFO) [Starting ProtocolHandler ["http-nio-8081"]] 
[2024-02-06 12:28:15,579] - [org.springframework.boot.web.embedded.tomcat.TomcatWebServer] [start] -> (INFO) [Tomcat started on port 8081 (http) with context path ''] 
[2024-02-06 12:28:15,590] - [com.example.firstSpringProject.FirstSpringProjectApplication] [logStarted] -> (INFO) [Started FirstSpringProjectApplication in 4.89 seconds (process running for 6.798)] 
[2024-02-06 12:28:15,596] - [com.example.firstSpringProject.FirstSpringProjectApplication] [main] -> (INFO) [this is first info] 
[2024-02-06 12:28:31,444] - [org.apache.catalina.core.ContainerBase.[Tomcat].[localhost].[/]] [log] -> (INFO) [Initializing Spring DispatcherServlet 'dispatcherServlet'] 
[2024-02-06 12:28:31,444] - [org.springframework.web.servlet.DispatcherServlet] [initServletBean] -> (INFO) [Initializing Servlet 'dispatcherServlet'] 
[2024-02-06 12:28:31,446] - [org.springframework.web.servlet.DispatcherServlet] [initServletBean] -> (INFO) [Completed initialization in 2 ms] 
[2024-02-06 12:28:31,601] - [org.springframework.web.servlet.mvc.method.annotation.ExceptionHandlerExceptionResolver] [logException] -> (WARN) [Resolved [com.example.firstSpringProject.exception.EmployeeNotFoundException: Employee not found with id : '134']] 
[2024-02-06 12:30:27,160] - [org.springframework.orm.jpa.LocalContainerEntityManagerFactoryBean] [destroy] -> (INFO) [Closing JPA EntityManagerFactory for persistence unit 'default'] 
[2024-02-06 12:30:27,160] - [com.zaxxer.hikari.HikariDataSource] [close] -> (INFO) [HikariPool-1 - Shutdown initiated...] 
[2024-02-06 12:30:27,173] - [com.zaxxer.hikari.HikariDataSource] [close] -> (INFO) [HikariPool-1 - Shutdown completed.] 
[2024-02-06 12:31:05,011] - [com.example.firstSpringProject.FirstSpringProjectApplication] [logStarting] -> (INFO) [Starting FirstSpringProjectApplication using Java 21.0.2 with PID 24960 (C:\Spring-BootPractice\firstSpringProject\firstSpringProject\target\classes started by amit_k in C:\Spring-BootPractice\firstSpringProject\firstSpringProject)] 
[2024-02-06 12:31:05,025] - [com.example.firstSpringProject.FirstSpringProjectApplication] [logStartupProfileInfo] -> (INFO) [No active profile set, falling back to 1 default profile: "default"] 
[2024-02-06 12:31:05,081] - [org.springframework.boot.devtools.env.DevToolsPropertyDefaultsPostProcessor] [logTo] -> (INFO) [Devtools property defaults active! Set 'spring.devtools.add-properties' to 'false' to disable] 
[2024-02-06 12:31:05,081] - [org.springframework.boot.devtools.env.DevToolsPropertyDefaultsPostProcessor] [logTo] -> (INFO) [For additional web related logging consider setting the 'logging.level.web' property to 'DEBUG'] 
[2024-02-06 12:31:05,926] - [org.springframework.data.repository.config.RepositoryConfigurationDelegate] [registerRepositoriesIn] -> (INFO) [Bootstrapping Spring Data JPA repositories in DEFAULT mode.] 
[2024-02-06 12:31:06,021] - [org.springframework.data.repository.config.RepositoryConfigurationDelegate] [registerRepositoriesIn] -> (INFO) [Finished Spring Data repository scanning in 83 ms. Found 1 JPA repository interface.] 
[2024-02-06 12:31:06,758] - [org.springframework.boot.web.embedded.tomcat.TomcatWebServer] [initialize] -> (INFO) [Tomcat initialized with port 8081 (http)] 
[2024-02-06 12:31:06,771] - [org.apache.coyote.http11.Http11NioProtocol] [log] -> (INFO) [Initializing ProtocolHandler ["http-nio-8081"]] 
[2024-02-06 12:31:06,774] - [org.apache.catalina.core.StandardService] [log] -> (INFO) [Starting service [Tomcat]] 
[2024-02-06 12:31:06,774] - [org.apache.catalina.core.StandardEngine] [log] -> (INFO) [Starting Servlet engine: [Apache Tomcat/10.1.18]] 
[2024-02-06 12:31:06,858] - [org.apache.catalina.core.ContainerBase.[Tomcat].[localhost].[/]] [log] -> (INFO) [Initializing Spring embedded WebApplicationContext] 
[2024-02-06 12:31:06,858] - [org.springframework.boot.web.servlet.context.ServletWebServerApplicationContext] [prepareWebApplicationContext] -> (INFO) [Root WebApplicationContext: initialization completed in 1777 ms] 
[2024-02-06 12:31:07,126] - [org.hibernate.jpa.internal.util.LogHelper] [logPersistenceUnitInformation] -> (INFO) [HHH000204: Processing PersistenceUnitInfo [name: default]] 
[2024-02-06 12:31:07,200] - [org.hibernate.Version] [logVersion] -> (INFO) [HHH000412: Hibernate ORM core version 6.4.1.Final] 
[2024-02-06 12:31:07,246] - [org.hibernate.cache.internal.RegionFactoryInitiator] [initiateService] -> (INFO) [HHH000026: Second-level cache disabled] 
[2024-02-06 12:31:07,514] - [org.springframework.orm.jpa.persistenceunit.SpringPersistenceUnitInfo] [addTransformer] -> (INFO) [No LoadTimeWeaver setup: ignoring JPA class transformer] 
[2024-02-06 12:31:07,566] - [com.zaxxer.hikari.HikariDataSource] [getConnection] -> (INFO) [HikariPool-1 - Starting...] 
[2024-02-06 12:31:07,957] - [com.zaxxer.hikari.pool.HikariPool] [checkFailFast] -> (INFO) [HikariPool-1 - Added connection com.mysql.cj.jdbc.ConnectionImpl@6136ba4d] 
[2024-02-06 12:31:07,957] - [com.zaxxer.hikari.HikariDataSource] [getConnection] -> (INFO) [HikariPool-1 - Start completed.] 
[2024-02-06 12:31:08,807] - [org.hibernate.engine.transaction.jta.platform.internal.JtaPlatformInitiator] [initiateService] -> (INFO) [HHH000489: No JTA platform available (set 'hibernate.transaction.jta.platform' to enable JTA platform integration)] 
[2024-02-06 12:31:08,851] - [org.springframework.orm.jpa.LocalContainerEntityManagerFactoryBean] [buildNativeEntityManagerFactory] -> (INFO) [Initialized JPA EntityManagerFactory for persistence unit 'default'] 
[2024-02-06 12:31:09,416] - [org.springframework.boot.autoconfigure.orm.jpa.JpaBaseConfiguration$JpaWebConfiguration] [openEntityManagerInViewInterceptor] -> (WARN) [spring.jpa.open-in-view is enabled by default. Therefore, database queries may be performed during view rendering. Explicitly configure spring.jpa.open-in-view to disable this warning] 
[2024-02-06 12:31:09,875] - [org.springframework.boot.devtools.autoconfigure.OptionalLiveReloadServer] [startServer] -> (INFO) [LiveReload server is running on port 35729] 
[2024-02-06 12:31:09,890] - [org.apache.coyote.http11.Http11NioProtocol] [log] -> (INFO) [Starting ProtocolHandler ["http-nio-8081"]] 
[2024-02-06 12:31:09,922] - [org.springframework.boot.web.embedded.tomcat.TomcatWebServer] [start] -> (INFO) [Tomcat started on port 8081 (http) with context path ''] 
[2024-02-06 12:31:09,931] - [com.example.firstSpringProject.FirstSpringProjectApplication] [logStarted] -> (INFO) [Started FirstSpringProjectApplication in 5.233 seconds (process running for 7.412)] 
[2024-02-06 12:31:09,937] - [com.example.firstSpringProject.FirstSpringProjectApplication] [main] -> (INFO) [this is first info] 
[2024-02-06 12:32:20,447] - [org.apache.catalina.core.ContainerBase.[Tomcat].[localhost].[/]] [log] -> (INFO) [Initializing Spring DispatcherServlet 'dispatcherServlet'] 
[2024-02-06 12:32:20,447] - [org.springframework.web.servlet.DispatcherServlet] [initServletBean] -> (INFO) [Initializing Servlet 'dispatcherServlet'] 
[2024-02-06 12:32:20,449] - [org.springframework.web.servlet.DispatcherServlet] [initServletBean] -> (INFO) [Completed initialization in 2 ms] 
[2024-02-06 12:32:20,613] - [org.springframework.web.servlet.mvc.method.annotation.ExceptionHandlerExceptionResolver] [logException] -> (WARN) [Resolved [com.example.firstSpringProject.exception.EmployeeNotFoundException: Employee not found with id : '134']] 
[2024-02-06 12:35:01,705] - [com.zaxxer.hikari.pool.HikariPool] [run] -> (WARN) [HikariPool-1 - Thread starvation or clock leap detected (housekeeper delta=59s166ms340µs500ns).] 
[2024-02-06 12:35:01,709] - [org.springframework.web.servlet.mvc.method.annotation.ExceptionHandlerExceptionResolver] [logException] -> (WARN) [Resolved [com.example.firstSpringProject.exception.EmployeeNotFoundException: Employee not found with id : '134']] 
[2024-02-06 12:35:01,718] - [org.springframework.web.servlet.mvc.method.annotation.ExceptionHandlerExceptionResolver] [logException] -> (WARN) [Resolved [com.example.firstSpringProject.exception.EmployeeNotFoundException: Employee not found with id : '134']] 
[2024-02-06 12:35:28,668] - [org.springframework.web.servlet.mvc.method.annotation.ExceptionHandlerExceptionResolver] [logException] -> (WARN) [Resolved [com.example.firstSpringProject.exception.EmployeeNotFoundException: Employee not found with id : '4']] 
[2024-02-06 12:43:05,340] - [org.springframework.web.servlet.mvc.method.annotation.ExceptionHandlerExceptionResolver] [logException] -> (WARN) [Resolved [com.example.firstSpringProject.exception.EmployeeNotFoundException: Employee not found with id : '4']] 
[2024-02-06 13:54:28,854] - [org.springframework.web.servlet.mvc.method.annotation.ExceptionHandlerExceptionResolver] [logException] -> (WARN) [Resolved [com.example.firstSpringProject.exception.EmployeeNotFoundException: Employee not found with id : '4']] 
[2024-02-06 13:54:42,029] - [org.springframework.orm.jpa.LocalContainerEntityManagerFactoryBean] [destroy] -> (INFO) [Closing JPA EntityManagerFactory for persistence unit 'default'] 
[2024-02-06 13:54:42,029] - [com.zaxxer.hikari.HikariDataSource] [close] -> (INFO) [HikariPool-1 - Shutdown initiated...] 
[2024-02-06 13:54:42,043] - [com.zaxxer.hikari.HikariDataSource] [close] -> (INFO) [HikariPool-1 - Shutdown completed.] 
[2024-02-06 13:55:21,373] - [com.example.firstSpringProject.FirstSpringProjectApplication] [logStarting] -> (INFO) [Starting FirstSpringProjectApplication using Java 21.0.2 with PID 29224 (C:\Spring-BootPractice\firstSpringProject\firstSpringProject\target\classes started by amit_k in C:\Spring-BootPractice\firstSpringProject\firstSpringProject)] 
[2024-02-06 13:55:21,373] - [com.example.firstSpringProject.FirstSpringProjectApplication] [logStartupProfileInfo] -> (INFO) [No active profile set, falling back to 1 default profile: "default"] 
[2024-02-06 13:55:21,440] - [org.springframework.boot.devtools.env.DevToolsPropertyDefaultsPostProcessor] [logTo] -> (INFO) [Devtools property defaults active! Set 'spring.devtools.add-properties' to 'false' to disable] 
[2024-02-06 13:55:21,440] - [org.springframework.boot.devtools.env.DevToolsPropertyDefaultsPostProcessor] [logTo] -> (INFO) [For additional web related logging consider setting the 'logging.level.web' property to 'DEBUG'] 
[2024-02-06 13:55:22,172] - [org.springframework.data.repository.config.RepositoryConfigurationDelegate] [registerRepositoriesIn] -> (INFO) [Bootstrapping Spring Data JPA repositories in DEFAULT mode.] 
[2024-02-06 13:55:22,251] - [org.springframework.data.repository.config.RepositoryConfigurationDelegate] [registerRepositoriesIn] -> (INFO) [Finished Spring Data repository scanning in 73 ms. Found 1 JPA repository interface.] 
[2024-02-06 13:55:22,870] - [org.springframework.boot.web.embedded.tomcat.TomcatWebServer] [initialize] -> (INFO) [Tomcat initialized with port 8081 (http)] 
[2024-02-06 13:55:22,889] - [org.apache.coyote.http11.Http11NioProtocol] [log] -> (INFO) [Initializing ProtocolHandler ["http-nio-8081"]] 
[2024-02-06 13:55:22,891] - [org.apache.catalina.core.StandardService] [log] -> (INFO) [Starting service [Tomcat]] 
[2024-02-06 13:55:22,891] - [org.apache.catalina.core.StandardEngine] [log] -> (INFO) [Starting Servlet engine: [Apache Tomcat/10.1.18]] 
[2024-02-06 13:55:22,964] - [org.apache.catalina.core.ContainerBase.[Tomcat].[localhost].[/]] [log] -> (INFO) [Initializing Spring embedded WebApplicationContext] 
[2024-02-06 13:55:22,964] - [org.springframework.boot.web.servlet.context.ServletWebServerApplicationContext] [prepareWebApplicationContext] -> (INFO) [Root WebApplicationContext: initialization completed in 1524 ms] 
[2024-02-06 13:55:23,173] - [org.hibernate.jpa.internal.util.LogHelper] [logPersistenceUnitInformation] -> (INFO) [HHH000204: Processing PersistenceUnitInfo [name: default]] 
[2024-02-06 13:55:23,254] - [org.hibernate.Version] [logVersion] -> (INFO) [HHH000412: Hibernate ORM core version 6.4.1.Final] 
[2024-02-06 13:55:23,293] - [org.hibernate.cache.internal.RegionFactoryInitiator] [initiateService] -> (INFO) [HHH000026: Second-level cache disabled] 
[2024-02-06 13:55:23,543] - [org.springframework.orm.jpa.persistenceunit.SpringPersistenceUnitInfo] [addTransformer] -> (INFO) [No LoadTimeWeaver setup: ignoring JPA class transformer] 
[2024-02-06 13:55:23,579] - [com.zaxxer.hikari.HikariDataSource] [getConnection] -> (INFO) [HikariPool-1 - Starting...] 
[2024-02-06 13:55:24,024] - [com.zaxxer.hikari.pool.HikariPool] [checkFailFast] -> (INFO) [HikariPool-1 - Added connection com.mysql.cj.jdbc.ConnectionImpl@fc08ecc] 
[2024-02-06 13:55:24,039] - [com.zaxxer.hikari.HikariDataSource] [getConnection] -> (INFO) [HikariPool-1 - Start completed.] 
[2024-02-06 13:55:24,850] - [org.hibernate.engine.transaction.jta.platform.internal.JtaPlatformInitiator] [initiateService] -> (INFO) [HHH000489: No JTA platform available (set 'hibernate.transaction.jta.platform' to enable JTA platform integration)] 
[2024-02-06 13:55:24,889] - [org.springframework.orm.jpa.LocalContainerEntityManagerFactoryBean] [buildNativeEntityManagerFactory] -> (INFO) [Initialized JPA EntityManagerFactory for persistence unit 'default'] 
[2024-02-06 13:55:25,396] - [org.springframework.boot.autoconfigure.orm.jpa.JpaBaseConfiguration$JpaWebConfiguration] [openEntityManagerInViewInterceptor] -> (WARN) [spring.jpa.open-in-view is enabled by default. Therefore, database queries may be performed during view rendering. Explicitly configure spring.jpa.open-in-view to disable this warning] 
[2024-02-06 13:55:25,760] - [org.springframework.boot.devtools.autoconfigure.OptionalLiveReloadServer] [startServer] -> (INFO) [LiveReload server is running on port 35729] 
[2024-02-06 13:55:25,776] - [org.apache.coyote.http11.Http11NioProtocol] [log] -> (INFO) [Starting ProtocolHandler ["http-nio-8081"]] 
[2024-02-06 13:55:25,810] - [org.springframework.boot.web.embedded.tomcat.TomcatWebServer] [start] -> (INFO) [Tomcat started on port 8081 (http) with context path ''] 
[2024-02-06 13:55:25,815] - [com.example.firstSpringProject.FirstSpringProjectApplication] [logStarted] -> (INFO) [Started FirstSpringProjectApplication in 4.746 seconds (process running for 6.687)] 
[2024-02-06 13:55:25,815] - [com.example.firstSpringProject.FirstSpringProjectApplication] [main] -> (INFO) [this is first info] 
[2024-02-06 13:56:10,773] - [org.apache.catalina.core.ContainerBase.[Tomcat].[localhost].[/]] [log] -> (INFO) [Initializing Spring DispatcherServlet 'dispatcherServlet'] 
[2024-02-06 13:56:10,773] - [org.springframework.web.servlet.DispatcherServlet] [initServletBean] -> (INFO) [Initializing Servlet 'dispatcherServlet'] 
[2024-02-06 13:56:10,776] - [org.springframework.web.servlet.DispatcherServlet] [initServletBean] -> (INFO) [Completed initialization in 3 ms] 
[2024-02-06 13:56:10,910] - [org.springframework.web.servlet.mvc.method.annotation.ExceptionHandlerExceptionResolver] [logException] -> (WARN) [Resolved [com.example.firstSpringProject.exception.EmployeeNotFoundException: Employee not found with id : '4']] 
[2024-02-06 13:56:15,569] - [org.springframework.web.servlet.mvc.method.annotation.ExceptionHandlerExceptionResolver] [logException] -> (WARN) [Resolved [com.example.firstSpringProject.exception.EmployeeNotFoundException: Employee not found with id : '4']] 
[2024-02-06 14:06:55,706] - [org.springframework.orm.jpa.LocalContainerEntityManagerFactoryBean] [destroy] -> (INFO) [Closing JPA EntityManagerFactory for persistence unit 'default'] 
[2024-02-06 14:06:55,706] - [com.zaxxer.hikari.HikariDataSource] [close] -> (INFO) [HikariPool-1 - Shutdown initiated...] 
[2024-02-06 14:06:55,717] - [com.zaxxer.hikari.HikariDataSource] [close] -> (INFO) [HikariPool-1 - Shutdown completed.] 
[2024-02-06 14:08:26,288] - [com.example.firstSpringProject.FirstSpringProjectApplication] [logStarting] -> (INFO) [Starting FirstSpringProjectApplication using Java 21.0.2 with PID 23604 (C:\Spring-BootPractice\firstSpringProject\firstSpringProject\target\classes started by amit_k in C:\Spring-BootPractice\firstSpringProject\firstSpringProject)] 
[2024-02-06 14:08:26,288] - [com.example.firstSpringProject.FirstSpringProjectApplication] [logStartupProfileInfo] -> (INFO) [No active profile set, falling back to 1 default profile: "default"] 
[2024-02-06 14:08:26,343] - [org.springframework.boot.devtools.env.DevToolsPropertyDefaultsPostProcessor] [logTo] -> (INFO) [Devtools property defaults active! Set 'spring.devtools.add-properties' to 'false' to disable] 
[2024-02-06 14:08:26,343] - [org.springframework.boot.devtools.env.DevToolsPropertyDefaultsPostProcessor] [logTo] -> (INFO) [For additional web related logging consider setting the 'logging.level.web' property to 'DEBUG'] 
[2024-02-06 14:08:27,079] - [org.springframework.data.repository.config.RepositoryConfigurationDelegate] [registerRepositoriesIn] -> (INFO) [Bootstrapping Spring Data JPA repositories in DEFAULT mode.] 
[2024-02-06 14:08:27,158] - [org.springframework.data.repository.config.RepositoryConfigurationDelegate] [registerRepositoriesIn] -> (INFO) [Finished Spring Data repository scanning in 71 ms. Found 1 JPA repository interface.] 
[2024-02-06 14:08:27,791] - [org.springframework.boot.web.embedded.tomcat.TomcatWebServer] [initialize] -> (INFO) [Tomcat initialized with port 8081 (http)] 
[2024-02-06 14:08:27,806] - [org.apache.coyote.http11.Http11NioProtocol] [log] -> (INFO) [Initializing ProtocolHandler ["http-nio-8081"]] 
[2024-02-06 14:08:27,810] - [org.apache.catalina.core.StandardService] [log] -> (INFO) [Starting service [Tomcat]] 
[2024-02-06 14:08:27,810] - [org.apache.catalina.core.StandardEngine] [log] -> (INFO) [Starting Servlet engine: [Apache Tomcat/10.1.18]] 
[2024-02-06 14:08:27,895] - [org.apache.catalina.core.ContainerBase.[Tomcat].[localhost].[/]] [log] -> (INFO) [Initializing Spring embedded WebApplicationContext] 
[2024-02-06 14:08:27,897] - [org.springframework.boot.web.servlet.context.ServletWebServerApplicationContext] [prepareWebApplicationContext] -> (INFO) [Root WebApplicationContext: initialization completed in 1552 ms] 
[2024-02-06 14:08:28,126] - [org.hibernate.jpa.internal.util.LogHelper] [logPersistenceUnitInformation] -> (INFO) [HHH000204: Processing PersistenceUnitInfo [name: default]] 
[2024-02-06 14:08:28,207] - [org.hibernate.Version] [logVersion] -> (INFO) [HHH000412: Hibernate ORM core version 6.4.1.Final] 
[2024-02-06 14:08:28,244] - [org.hibernate.cache.internal.RegionFactoryInitiator] [initiateService] -> (INFO) [HHH000026: Second-level cache disabled] 
[2024-02-06 14:08:28,530] - [org.springframework.orm.jpa.persistenceunit.SpringPersistenceUnitInfo] [addTransformer] -> (INFO) [No LoadTimeWeaver setup: ignoring JPA class transformer] 
[2024-02-06 14:08:28,569] - [com.zaxxer.hikari.HikariDataSource] [getConnection] -> (INFO) [HikariPool-1 - Starting...] 
[2024-02-06 14:08:28,908] - [com.zaxxer.hikari.pool.HikariPool] [checkFailFast] -> (INFO) [HikariPool-1 - Added connection com.mysql.cj.jdbc.ConnectionImpl@ee0de3c] 
[2024-02-06 14:08:28,908] - [com.zaxxer.hikari.HikariDataSource] [getConnection] -> (INFO) [HikariPool-1 - Start completed.] 
[2024-02-06 14:08:29,792] - [org.hibernate.engine.transaction.jta.platform.internal.JtaPlatformInitiator] [initiateService] -> (INFO) [HHH000489: No JTA platform available (set 'hibernate.transaction.jta.platform' to enable JTA platform integration)] 
[2024-02-06 14:08:29,831] - [org.springframework.orm.jpa.LocalContainerEntityManagerFactoryBean] [buildNativeEntityManagerFactory] -> (INFO) [Initialized JPA EntityManagerFactory for persistence unit 'default'] 
[2024-02-06 14:08:30,352] - [org.springframework.boot.autoconfigure.orm.jpa.JpaBaseConfiguration$JpaWebConfiguration] [openEntityManagerInViewInterceptor] -> (WARN) [spring.jpa.open-in-view is enabled by default. Therefore, database queries may be performed during view rendering. Explicitly configure spring.jpa.open-in-view to disable this warning] 
[2024-02-06 14:08:30,756] - [org.springframework.boot.devtools.autoconfigure.OptionalLiveReloadServer] [startServer] -> (INFO) [LiveReload server is running on port 35729] 
[2024-02-06 14:08:30,777] - [org.apache.coyote.http11.Http11NioProtocol] [log] -> (INFO) [Starting ProtocolHandler ["http-nio-8081"]] 
[2024-02-06 14:08:30,808] - [org.springframework.boot.web.embedded.tomcat.TomcatWebServer] [start] -> (INFO) [Tomcat started on port 8081 (http) with context path ''] 
[2024-02-06 14:08:30,812] - [com.example.firstSpringProject.FirstSpringProjectApplication] [logStarted] -> (INFO) [Started FirstSpringProjectApplication in 4.824 seconds (process running for 6.766)] 
[2024-02-06 14:08:30,825] - [com.example.firstSpringProject.FirstSpringProjectApplication] [main] -> (INFO) [this is first info] 
[2024-02-06 14:08:51,980] - [org.apache.catalina.core.ContainerBase.[Tomcat].[localhost].[/]] [log] -> (INFO) [Initializing Spring DispatcherServlet 'dispatcherServlet'] 
[2024-02-06 14:08:51,980] - [org.springframework.web.servlet.DispatcherServlet] [initServletBean] -> (INFO) [Initializing Servlet 'dispatcherServlet'] 
[2024-02-06 14:08:51,981] - [org.springframework.web.servlet.DispatcherServlet] [initServletBean] -> (INFO) [Completed initialization in 1 ms] 
[2024-02-06 14:08:58,177] - [org.springframework.web.servlet.mvc.method.annotation.ExceptionHandlerExceptionResolver] [logException] -> (WARN) [Resolved [com.example.firstSpringProject.exception.EmployeeNotFoundException: Employee not exist for given empName : employeeName]] 
[2024-02-06 14:09:52,369] - [org.springframework.orm.jpa.LocalContainerEntityManagerFactoryBean] [destroy] -> (INFO) [Closing JPA EntityManagerFactory for persistence unit 'default'] 
[2024-02-06 14:09:52,370] - [com.zaxxer.hikari.HikariDataSource] [close] -> (INFO) [HikariPool-1 - Shutdown initiated...] 
[2024-02-06 14:09:52,381] - [com.zaxxer.hikari.HikariDataSource] [close] -> (INFO) [HikariPool-1 - Shutdown completed.] 
[2024-02-06 14:11:28,971] - [com.example.firstSpringProject.FirstSpringProjectApplication] [logStarting] -> (INFO) [Starting FirstSpringProjectApplication using Java 21.0.2 with PID 29012 (C:\Spring-BootPractice\firstSpringProject\firstSpringProject\target\classes started by amit_k in C:\Spring-BootPractice\firstSpringProject\firstSpringProject)] 
[2024-02-06 14:11:28,981] - [com.example.firstSpringProject.FirstSpringProjectApplication] [logStartupProfileInfo] -> (INFO) [No active profile set, falling back to 1 default profile: "default"] 
[2024-02-06 14:11:29,028] - [org.springframework.boot.devtools.env.DevToolsPropertyDefaultsPostProcessor] [logTo] -> (INFO) [Devtools property defaults active! Set 'spring.devtools.add-properties' to 'false' to disable] 
[2024-02-06 14:11:29,028] - [org.springframework.boot.devtools.env.DevToolsPropertyDefaultsPostProcessor] [logTo] -> (INFO) [For additional web related logging consider setting the 'logging.level.web' property to 'DEBUG'] 
[2024-02-06 14:11:29,789] - [org.springframework.data.repository.config.RepositoryConfigurationDelegate] [registerRepositoriesIn] -> (INFO) [Bootstrapping Spring Data JPA repositories in DEFAULT mode.] 
[2024-02-06 14:11:29,858] - [org.springframework.data.repository.config.RepositoryConfigurationDelegate] [registerRepositoriesIn] -> (INFO) [Finished Spring Data repository scanning in 67 ms. Found 1 JPA repository interface.] 
[2024-02-06 14:11:30,493] - [org.springframework.boot.web.embedded.tomcat.TomcatWebServer] [initialize] -> (INFO) [Tomcat initialized with port 8081 (http)] 
[2024-02-06 14:11:30,506] - [org.apache.coyote.http11.Http11NioProtocol] [log] -> (INFO) [Initializing ProtocolHandler ["http-nio-8081"]] 
[2024-02-06 14:11:30,506] - [org.apache.catalina.core.StandardService] [log] -> (INFO) [Starting service [Tomcat]] 
[2024-02-06 14:11:30,506] - [org.apache.catalina.core.StandardEngine] [log] -> (INFO) [Starting Servlet engine: [Apache Tomcat/10.1.18]] 
[2024-02-06 14:11:30,593] - [org.apache.catalina.core.ContainerBase.[Tomcat].[localhost].[/]] [log] -> (INFO) [Initializing Spring embedded WebApplicationContext] 
[2024-02-06 14:11:30,593] - [org.springframework.boot.web.servlet.context.ServletWebServerApplicationContext] [prepareWebApplicationContext] -> (INFO) [Root WebApplicationContext: initialization completed in 1565 ms] 
[2024-02-06 14:11:30,830] - [org.hibernate.jpa.internal.util.LogHelper] [logPersistenceUnitInformation] -> (INFO) [HHH000204: Processing PersistenceUnitInfo [name: default]] 
[2024-02-06 14:11:30,895] - [org.hibernate.Version] [logVersion] -> (INFO) [HHH000412: Hibernate ORM core version 6.4.1.Final] 
[2024-02-06 14:11:30,938] - [org.hibernate.cache.internal.RegionFactoryInitiator] [initiateService] -> (INFO) [HHH000026: Second-level cache disabled] 
[2024-02-06 14:11:31,163] - [org.springframework.orm.jpa.persistenceunit.SpringPersistenceUnitInfo] [addTransformer] -> (INFO) [No LoadTimeWeaver setup: ignoring JPA class transformer] 
[2024-02-06 14:11:31,195] - [com.zaxxer.hikari.HikariDataSource] [getConnection] -> (INFO) [HikariPool-1 - Starting...] 
[2024-02-06 14:11:31,548] - [com.zaxxer.hikari.pool.HikariPool] [checkFailFast] -> (INFO) [HikariPool-1 - Added connection com.mysql.cj.jdbc.ConnectionImpl@1246a8cb] 
[2024-02-06 14:11:31,550] - [com.zaxxer.hikari.HikariDataSource] [getConnection] -> (INFO) [HikariPool-1 - Start completed.] 
[2024-02-06 14:11:32,361] - [org.hibernate.engine.transaction.jta.platform.internal.JtaPlatformInitiator] [initiateService] -> (INFO) [HHH000489: No JTA platform available (set 'hibernate.transaction.jta.platform' to enable JTA platform integration)] 
[2024-02-06 14:11:32,395] - [org.springframework.orm.jpa.LocalContainerEntityManagerFactoryBean] [buildNativeEntityManagerFactory] -> (INFO) [Initialized JPA EntityManagerFactory for persistence unit 'default'] 
[2024-02-06 14:11:32,787] - [org.springframework.boot.autoconfigure.orm.jpa.JpaBaseConfiguration$JpaWebConfiguration] [openEntityManagerInViewInterceptor] -> (WARN) [spring.jpa.open-in-view is enabled by default. Therefore, database queries may be performed during view rendering. Explicitly configure spring.jpa.open-in-view to disable this warning] 
[2024-02-06 14:11:33,173] - [org.springframework.boot.devtools.autoconfigure.OptionalLiveReloadServer] [startServer] -> (INFO) [LiveReload server is running on port 35729] 
[2024-02-06 14:11:33,182] - [org.apache.coyote.http11.Http11NioProtocol] [log] -> (INFO) [Starting ProtocolHandler ["http-nio-8081"]] 
[2024-02-06 14:11:33,218] - [org.springframework.boot.web.embedded.tomcat.TomcatWebServer] [start] -> (INFO) [Tomcat started on port 8081 (http) with context path ''] 
[2024-02-06 14:11:33,222] - [com.example.firstSpringProject.FirstSpringProjectApplication] [logStarted] -> (INFO) [Started FirstSpringProjectApplication in 4.546 seconds (process running for 6.463)] 
[2024-02-06 14:11:33,222] - [com.example.firstSpringProject.FirstSpringProjectApplication] [main] -> (INFO) [this is first info] 
[2024-02-06 14:11:41,141] - [org.apache.catalina.core.ContainerBase.[Tomcat].[localhost].[/]] [log] -> (INFO) [Initializing Spring DispatcherServlet 'dispatcherServlet'] 
[2024-02-06 14:11:41,141] - [org.springframework.web.servlet.DispatcherServlet] [initServletBean] -> (INFO) [Initializing Servlet 'dispatcherServlet'] 
[2024-02-06 14:11:41,141] - [org.springframework.web.servlet.DispatcherServlet] [initServletBean] -> (INFO) [Completed initialization in 0 ms] 
[2024-02-06 14:11:41,317] - [org.apache.catalina.core.ContainerBase.[Tomcat].[localhost].[/].[dispatcherServlet]] [log] -> (ERROR) [Servlet.service() for servlet [dispatcherServlet] in context with path [] threw exception [Request processing failed: java.util.IllegalFormatConversionException: d != java.lang.String] with root cause] 
java.util.IllegalFormatConversionException: d != java.lang.String
	at java.base/java.util.Formatter$FormatSpecifier.failConversion(Formatter.java:4515) ~[?:?]
	at java.base/java.util.Formatter$FormatSpecifier.printInteger(Formatter.java:3066) ~[?:?]
	at java.base/java.util.Formatter$FormatSpecifier.print(Formatter.java:3021) ~[?:?]
	at java.base/java.util.Formatter.format(Formatter.java:2791) ~[?:?]
	at java.base/java.util.Formatter.format(Formatter.java:2728) ~[?:?]
	at java.base/java.lang.String.format(String.java:4390) ~[?:?]
	at com.example.firstSpringProject.exception.EmployeeNotFoundException.<init>(EmployeeNotFoundException.java:17) ~[classes/:?]
	at com.example.firstSpringProject.serviceImpl.EmployeeServiceImpl.getEmployeeByName(EmployeeServiceImpl.java:55) ~[classes/:?]
	at com.example.firstSpringProject.controller.EmployeeController.getEmployeeByEmployeeName(EmployeeController.java:74) ~[classes/:?]
	at java.base/jdk.internal.reflect.DirectMethodHandleAccessor.invoke(DirectMethodHandleAccessor.java:103) ~[?:?]
	at java.base/java.lang.reflect.Method.invoke(Method.java:580) ~[?:?]
	at org.springframework.web.method.support.InvocableHandlerMethod.doInvoke(InvocableHandlerMethod.java:261) ~[spring-web-6.1.3.jar:6.1.3]
	at org.springframework.web.method.support.InvocableHandlerMethod.invokeForRequest(InvocableHandlerMethod.java:189) ~[spring-web-6.1.3.jar:6.1.3]
	at org.springframework.web.servlet.mvc.method.annotation.ServletInvocableHandlerMethod.invokeAndHandle(ServletInvocableHandlerMethod.java:118) ~[spring-webmvc-6.1.3.jar:6.1.3]
	at org.springframework.web.servlet.mvc.method.annotation.RequestMappingHandlerAdapter.invokeHandlerMethod(RequestMappingHandlerAdapter.java:917) ~[spring-webmvc-6.1.3.jar:6.1.3]
	at org.springframework.web.servlet.mvc.method.annotation.RequestMappingHandlerAdapter.handleInternal(RequestMappingHandlerAdapter.java:829) ~[spring-webmvc-6.1.3.jar:6.1.3]
	at org.springframework.web.servlet.mvc.method.AbstractHandlerMethodAdapter.handle(AbstractHandlerMethodAdapter.java:87) ~[spring-webmvc-6.1.3.jar:6.1.3]
	at org.springframework.web.servlet.DispatcherServlet.doDispatch(DispatcherServlet.java:1089) ~[spring-webmvc-6.1.3.jar:6.1.3]
	at org.springframework.web.servlet.DispatcherServlet.doService(DispatcherServlet.java:979) ~[spring-webmvc-6.1.3.jar:6.1.3]
	at org.springframework.web.servlet.FrameworkServlet.processRequest(FrameworkServlet.java:1014) ~[spring-webmvc-6.1.3.jar:6.1.3]
	at org.springframework.web.servlet.FrameworkServlet.doGet(FrameworkServlet.java:903) ~[spring-webmvc-6.1.3.jar:6.1.3]
	at jakarta.servlet.http.HttpServlet.service(HttpServlet.java:564) ~[tomcat-embed-core-10.1.18.jar:6.0]
	at org.springframework.web.servlet.FrameworkServlet.service(FrameworkServlet.java:885) ~[spring-webmvc-6.1.3.jar:6.1.3]
	at jakarta.servlet.http.HttpServlet.service(HttpServlet.java:658) ~[tomcat-embed-core-10.1.18.jar:6.0]
	at org.apache.catalina.core.ApplicationFilterChain.internalDoFilter(ApplicationFilterChain.java:205) ~[tomcat-embed-core-10.1.18.jar:10.1.18]
	at org.apache.catalina.core.ApplicationFilterChain.doFilter(ApplicationFilterChain.java:149) ~[tomcat-embed-core-10.1.18.jar:10.1.18]
	at org.apache.tomcat.websocket.server.WsFilter.doFilter(WsFilter.java:51) ~[tomcat-embed-websocket-10.1.18.jar:10.1.18]
	at org.apache.catalina.core.ApplicationFilterChain.internalDoFilter(ApplicationFilterChain.java:174) ~[tomcat-embed-core-10.1.18.jar:10.1.18]
	at org.apache.catalina.core.ApplicationFilterChain.doFilter(ApplicationFilterChain.java:149) ~[tomcat-embed-core-10.1.18.jar:10.1.18]
	at org.springframework.web.filter.RequestContextFilter.doFilterInternal(RequestContextFilter.java:100) ~[spring-web-6.1.3.jar:6.1.3]
	at org.springframework.web.filter.OncePerRequestFilter.doFilter(OncePerRequestFilter.java:116) ~[spring-web-6.1.3.jar:6.1.3]
	at org.apache.catalina.core.ApplicationFilterChain.internalDoFilter(ApplicationFilterChain.java:174) ~[tomcat-embed-core-10.1.18.jar:10.1.18]
	at org.apache.catalina.core.ApplicationFilterChain.doFilter(ApplicationFilterChain.java:149) ~[tomcat-embed-core-10.1.18.jar:10.1.18]
	at org.springframework.web.filter.FormContentFilter.doFilterInternal(FormContentFilter.java:93) ~[spring-web-6.1.3.jar:6.1.3]
	at org.springframework.web.filter.OncePerRequestFilter.doFilter(OncePerRequestFilter.java:116) ~[spring-web-6.1.3.jar:6.1.3]
	at org.apache.catalina.core.ApplicationFilterChain.internalDoFilter(ApplicationFilterChain.java:174) ~[tomcat-embed-core-10.1.18.jar:10.1.18]
	at org.apache.catalina.core.ApplicationFilterChain.doFilter(ApplicationFilterChain.java:149) ~[tomcat-embed-core-10.1.18.jar:10.1.18]
	at org.springframework.web.filter.CharacterEncodingFilter.doFilterInternal(CharacterEncodingFilter.java:201) ~[spring-web-6.1.3.jar:6.1.3]
	at org.springframework.web.filter.OncePerRequestFilter.doFilter(OncePerRequestFilter.java:116) ~[spring-web-6.1.3.jar:6.1.3]
	at org.apache.catalina.core.ApplicationFilterChain.internalDoFilter(ApplicationFilterChain.java:174) ~[tomcat-embed-core-10.1.18.jar:10.1.18]
	at org.apache.catalina.core.ApplicationFilterChain.doFilter(ApplicationFilterChain.java:149) ~[tomcat-embed-core-10.1.18.jar:10.1.18]
	at org.apache.catalina.core.StandardWrapperValve.invoke(StandardWrapperValve.java:167) ~[tomcat-embed-core-10.1.18.jar:10.1.18]
	at org.apache.catalina.core.StandardContextValve.invoke(StandardContextValve.java:90) ~[tomcat-embed-core-10.1.18.jar:10.1.18]
	at org.apache.catalina.authenticator.AuthenticatorBase.invoke(AuthenticatorBase.java:482) ~[tomcat-embed-core-10.1.18.jar:10.1.18]
	at org.apache.catalina.core.StandardHostValve.invoke(StandardHostValve.java:115) ~[tomcat-embed-core-10.1.18.jar:10.1.18]
	at org.apache.catalina.valves.ErrorReportValve.invoke(ErrorReportValve.java:93) ~[tomcat-embed-core-10.1.18.jar:10.1.18]
	at org.apache.catalina.core.StandardEngineValve.invoke(StandardEngineValve.java:74) ~[tomcat-embed-core-10.1.18.jar:10.1.18]
	at org.apache.catalina.connector.CoyoteAdapter.service(CoyoteAdapter.java:340) ~[tomcat-embed-core-10.1.18.jar:10.1.18]
	at org.apache.coyote.http11.Http11Processor.service(Http11Processor.java:391) ~[tomcat-embed-core-10.1.18.jar:10.1.18]
	at org.apache.coyote.AbstractProcessorLight.process(AbstractProcessorLight.java:63) ~[tomcat-embed-core-10.1.18.jar:10.1.18]
	at org.apache.coyote.AbstractProtocol$ConnectionHandler.process(AbstractProtocol.java:896) ~[tomcat-embed-core-10.1.18.jar:10.1.18]
	at org.apache.tomcat.util.net.NioEndpoint$SocketProcessor.doRun(NioEndpoint.java:1744) ~[tomcat-embed-core-10.1.18.jar:10.1.18]
	at org.apache.tomcat.util.net.SocketProcessorBase.run(SocketProcessorBase.java:52) ~[tomcat-embed-core-10.1.18.jar:10.1.18]
	at org.apache.tomcat.util.threads.ThreadPoolExecutor.runWorker(ThreadPoolExecutor.java:1191) ~[tomcat-embed-core-10.1.18.jar:10.1.18]
	at org.apache.tomcat.util.threads.ThreadPoolExecutor$Worker.run(ThreadPoolExecutor.java:659) ~[tomcat-embed-core-10.1.18.jar:10.1.18]
	at org.apache.tomcat.util.threads.TaskThread$WrappingRunnable.run(TaskThread.java:61) ~[tomcat-embed-core-10.1.18.jar:10.1.18]
	at java.base/java.lang.Thread.run(Thread.java:1583) [?:?]
[2024-02-06 14:12:48,379] - [org.apache.catalina.core.ContainerBase.[Tomcat].[localhost].[/].[dispatcherServlet]] [log] -> (ERROR) [Servlet.service() for servlet [dispatcherServlet] in context with path [] threw exception [Request processing failed: java.util.IllegalFormatConversionException: d != java.lang.String] with root cause] 
java.util.IllegalFormatConversionException: d != java.lang.String
	at java.base/java.util.Formatter$FormatSpecifier.failConversion(Formatter.java:4515) ~[?:?]
	at java.base/java.util.Formatter$FormatSpecifier.printInteger(Formatter.java:3066) ~[?:?]
	at java.base/java.util.Formatter$FormatSpecifier.print(Formatter.java:3021) ~[?:?]
	at java.base/java.util.Formatter.format(Formatter.java:2791) ~[?:?]
	at java.base/java.util.Formatter.format(Formatter.java:2728) ~[?:?]
	at java.base/java.lang.String.format(String.java:4390) ~[?:?]
	at com.example.firstSpringProject.exception.EmployeeNotFoundException.<init>(EmployeeNotFoundException.java:17) ~[classes/:?]
	at com.example.firstSpringProject.serviceImpl.EmployeeServiceImpl.getEmployeeByName(EmployeeServiceImpl.java:55) ~[classes/:?]
	at com.example.firstSpringProject.controller.EmployeeController.getEmployeeByEmployeeName(EmployeeController.java:74) ~[classes/:?]
	at java.base/jdk.internal.reflect.DirectMethodHandleAccessor.invoke(DirectMethodHandleAccessor.java:103) ~[?:?]
	at java.base/java.lang.reflect.Method.invoke(Method.java:580) ~[?:?]
	at org.springframework.web.method.support.InvocableHandlerMethod.doInvoke(InvocableHandlerMethod.java:261) ~[spring-web-6.1.3.jar:6.1.3]
	at org.springframework.web.method.support.InvocableHandlerMethod.invokeForRequest(InvocableHandlerMethod.java:189) ~[spring-web-6.1.3.jar:6.1.3]
	at org.springframework.web.servlet.mvc.method.annotation.ServletInvocableHandlerMethod.invokeAndHandle(ServletInvocableHandlerMethod.java:118) ~[spring-webmvc-6.1.3.jar:6.1.3]
	at org.springframework.web.servlet.mvc.method.annotation.RequestMappingHandlerAdapter.invokeHandlerMethod(RequestMappingHandlerAdapter.java:917) ~[spring-webmvc-6.1.3.jar:6.1.3]
	at org.springframework.web.servlet.mvc.method.annotation.RequestMappingHandlerAdapter.handleInternal(RequestMappingHandlerAdapter.java:829) ~[spring-webmvc-6.1.3.jar:6.1.3]
	at org.springframework.web.servlet.mvc.method.AbstractHandlerMethodAdapter.handle(AbstractHandlerMethodAdapter.java:87) ~[spring-webmvc-6.1.3.jar:6.1.3]
	at org.springframework.web.servlet.DispatcherServlet.doDispatch(DispatcherServlet.java:1089) ~[spring-webmvc-6.1.3.jar:6.1.3]
	at org.springframework.web.servlet.DispatcherServlet.doService(DispatcherServlet.java:979) ~[spring-webmvc-6.1.3.jar:6.1.3]
	at org.springframework.web.servlet.FrameworkServlet.processRequest(FrameworkServlet.java:1014) ~[spring-webmvc-6.1.3.jar:6.1.3]
	at org.springframework.web.servlet.FrameworkServlet.doGet(FrameworkServlet.java:903) ~[spring-webmvc-6.1.3.jar:6.1.3]
	at jakarta.servlet.http.HttpServlet.service(HttpServlet.java:564) ~[tomcat-embed-core-10.1.18.jar:6.0]
	at org.springframework.web.servlet.FrameworkServlet.service(FrameworkServlet.java:885) ~[spring-webmvc-6.1.3.jar:6.1.3]
	at jakarta.servlet.http.HttpServlet.service(HttpServlet.java:658) ~[tomcat-embed-core-10.1.18.jar:6.0]
	at org.apache.catalina.core.ApplicationFilterChain.internalDoFilter(ApplicationFilterChain.java:205) ~[tomcat-embed-core-10.1.18.jar:10.1.18]
	at org.apache.catalina.core.ApplicationFilterChain.doFilter(ApplicationFilterChain.java:149) ~[tomcat-embed-core-10.1.18.jar:10.1.18]
	at org.apache.tomcat.websocket.server.WsFilter.doFilter(WsFilter.java:51) ~[tomcat-embed-websocket-10.1.18.jar:10.1.18]
	at org.apache.catalina.core.ApplicationFilterChain.internalDoFilter(ApplicationFilterChain.java:174) ~[tomcat-embed-core-10.1.18.jar:10.1.18]
	at org.apache.catalina.core.ApplicationFilterChain.doFilter(ApplicationFilterChain.java:149) ~[tomcat-embed-core-10.1.18.jar:10.1.18]
	at org.springframework.web.filter.RequestContextFilter.doFilterInternal(RequestContextFilter.java:100) ~[spring-web-6.1.3.jar:6.1.3]
	at org.springframework.web.filter.OncePerRequestFilter.doFilter(OncePerRequestFilter.java:116) ~[spring-web-6.1.3.jar:6.1.3]
	at org.apache.catalina.core.ApplicationFilterChain.internalDoFilter(ApplicationFilterChain.java:174) ~[tomcat-embed-core-10.1.18.jar:10.1.18]
	at org.apache.catalina.core.ApplicationFilterChain.doFilter(ApplicationFilterChain.java:149) ~[tomcat-embed-core-10.1.18.jar:10.1.18]
	at org.springframework.web.filter.FormContentFilter.doFilterInternal(FormContentFilter.java:93) ~[spring-web-6.1.3.jar:6.1.3]
	at org.springframework.web.filter.OncePerRequestFilter.doFilter(OncePerRequestFilter.java:116) ~[spring-web-6.1.3.jar:6.1.3]
	at org.apache.catalina.core.ApplicationFilterChain.internalDoFilter(ApplicationFilterChain.java:174) ~[tomcat-embed-core-10.1.18.jar:10.1.18]
	at org.apache.catalina.core.ApplicationFilterChain.doFilter(ApplicationFilterChain.java:149) ~[tomcat-embed-core-10.1.18.jar:10.1.18]
	at org.springframework.web.filter.CharacterEncodingFilter.doFilterInternal(CharacterEncodingFilter.java:201) ~[spring-web-6.1.3.jar:6.1.3]
	at org.springframework.web.filter.OncePerRequestFilter.doFilter(OncePerRequestFilter.java:116) ~[spring-web-6.1.3.jar:6.1.3]
	at org.apache.catalina.core.ApplicationFilterChain.internalDoFilter(ApplicationFilterChain.java:174) ~[tomcat-embed-core-10.1.18.jar:10.1.18]
	at org.apache.catalina.core.ApplicationFilterChain.doFilter(ApplicationFilterChain.java:149) ~[tomcat-embed-core-10.1.18.jar:10.1.18]
	at org.apache.catalina.core.StandardWrapperValve.invoke(StandardWrapperValve.java:167) ~[tomcat-embed-core-10.1.18.jar:10.1.18]
	at org.apache.catalina.core.StandardContextValve.invoke(StandardContextValve.java:90) ~[tomcat-embed-core-10.1.18.jar:10.1.18]
	at org.apache.catalina.authenticator.AuthenticatorBase.invoke(AuthenticatorBase.java:482) ~[tomcat-embed-core-10.1.18.jar:10.1.18]
	at org.apache.catalina.core.StandardHostValve.invoke(StandardHostValve.java:115) ~[tomcat-embed-core-10.1.18.jar:10.1.18]
	at org.apache.catalina.valves.ErrorReportValve.invoke(ErrorReportValve.java:93) ~[tomcat-embed-core-10.1.18.jar:10.1.18]
	at org.apache.catalina.core.StandardEngineValve.invoke(StandardEngineValve.java:74) ~[tomcat-embed-core-10.1.18.jar:10.1.18]
	at org.apache.catalina.connector.CoyoteAdapter.service(CoyoteAdapter.java:340) ~[tomcat-embed-core-10.1.18.jar:10.1.18]
	at org.apache.coyote.http11.Http11Processor.service(Http11Processor.java:391) ~[tomcat-embed-core-10.1.18.jar:10.1.18]
	at org.apache.coyote.AbstractProcessorLight.process(AbstractProcessorLight.java:63) ~[tomcat-embed-core-10.1.18.jar:10.1.18]
	at org.apache.coyote.AbstractProtocol$ConnectionHandler.process(AbstractProtocol.java:896) ~[tomcat-embed-core-10.1.18.jar:10.1.18]
	at org.apache.tomcat.util.net.NioEndpoint$SocketProcessor.doRun(NioEndpoint.java:1744) ~[tomcat-embed-core-10.1.18.jar:10.1.18]
	at org.apache.tomcat.util.net.SocketProcessorBase.run(SocketProcessorBase.java:52) ~[tomcat-embed-core-10.1.18.jar:10.1.18]
	at org.apache.tomcat.util.threads.ThreadPoolExecutor.runWorker(ThreadPoolExecutor.java:1191) ~[tomcat-embed-core-10.1.18.jar:10.1.18]
	at org.apache.tomcat.util.threads.ThreadPoolExecutor$Worker.run(ThreadPoolExecutor.java:659) ~[tomcat-embed-core-10.1.18.jar:10.1.18]
	at org.apache.tomcat.util.threads.TaskThread$WrappingRunnable.run(TaskThread.java:61) ~[tomcat-embed-core-10.1.18.jar:10.1.18]
	at java.base/java.lang.Thread.run(Thread.java:1583) [?:?]
[2024-02-06 14:12:57,994] - [org.springframework.orm.jpa.LocalContainerEntityManagerFactoryBean] [destroy] -> (INFO) [Closing JPA EntityManagerFactory for persistence unit 'default'] 
[2024-02-06 14:12:57,997] - [com.zaxxer.hikari.HikariDataSource] [close] -> (INFO) [HikariPool-1 - Shutdown initiated...] 
[2024-02-06 14:12:58,006] - [com.zaxxer.hikari.HikariDataSource] [close] -> (INFO) [HikariPool-1 - Shutdown completed.] 
[2024-02-06 14:13:07,816] - [com.example.firstSpringProject.FirstSpringProjectApplication] [logStarting] -> (INFO) [Starting FirstSpringProjectApplication using Java 21.0.2 with PID 23680 (C:\Spring-BootPractice\firstSpringProject\firstSpringProject\target\classes started by amit_k in C:\Spring-BootPractice\firstSpringProject\firstSpringProject)] 
[2024-02-06 14:13:07,831] - [com.example.firstSpringProject.FirstSpringProjectApplication] [logStartupProfileInfo] -> (INFO) [No active profile set, falling back to 1 default profile: "default"] 
[2024-02-06 14:13:07,882] - [org.springframework.boot.devtools.env.DevToolsPropertyDefaultsPostProcessor] [logTo] -> (INFO) [Devtools property defaults active! Set 'spring.devtools.add-properties' to 'false' to disable] 
[2024-02-06 14:13:07,882] - [org.springframework.boot.devtools.env.DevToolsPropertyDefaultsPostProcessor] [logTo] -> (INFO) [For additional web related logging consider setting the 'logging.level.web' property to 'DEBUG'] 
[2024-02-06 14:13:08,647] - [org.springframework.data.repository.config.RepositoryConfigurationDelegate] [registerRepositoriesIn] -> (INFO) [Bootstrapping Spring Data JPA repositories in DEFAULT mode.] 
[2024-02-06 14:13:08,745] - [org.springframework.data.repository.config.RepositoryConfigurationDelegate] [registerRepositoriesIn] -> (INFO) [Finished Spring Data repository scanning in 85 ms. Found 1 JPA repository interface.] 
[2024-02-06 14:13:09,428] - [org.springframework.boot.web.embedded.tomcat.TomcatWebServer] [initialize] -> (INFO) [Tomcat initialized with port 8081 (http)] 
[2024-02-06 14:13:09,441] - [org.apache.coyote.http11.Http11NioProtocol] [log] -> (INFO) [Initializing ProtocolHandler ["http-nio-8081"]] 
[2024-02-06 14:13:09,441] - [org.apache.catalina.core.StandardService] [log] -> (INFO) [Starting service [Tomcat]] 
[2024-02-06 14:13:09,441] - [org.apache.catalina.core.StandardEngine] [log] -> (INFO) [Starting Servlet engine: [Apache Tomcat/10.1.18]] 
[2024-02-06 14:13:09,519] - [org.apache.catalina.core.ContainerBase.[Tomcat].[localhost].[/]] [log] -> (INFO) [Initializing Spring embedded WebApplicationContext] 
[2024-02-06 14:13:09,519] - [org.springframework.boot.web.servlet.context.ServletWebServerApplicationContext] [prepareWebApplicationContext] -> (INFO) [Root WebApplicationContext: initialization completed in 1635 ms] 
[2024-02-06 14:13:09,745] - [org.hibernate.jpa.internal.util.LogHelper] [logPersistenceUnitInformation] -> (INFO) [HHH000204: Processing PersistenceUnitInfo [name: default]] 
[2024-02-06 14:13:09,835] - [org.hibernate.Version] [logVersion] -> (INFO) [HHH000412: Hibernate ORM core version 6.4.1.Final] 
[2024-02-06 14:13:09,888] - [org.hibernate.cache.internal.RegionFactoryInitiator] [initiateService] -> (INFO) [HHH000026: Second-level cache disabled] 
[2024-02-06 14:13:10,122] - [org.springframework.orm.jpa.persistenceunit.SpringPersistenceUnitInfo] [addTransformer] -> (INFO) [No LoadTimeWeaver setup: ignoring JPA class transformer] 
[2024-02-06 14:13:10,150] - [com.zaxxer.hikari.HikariDataSource] [getConnection] -> (INFO) [HikariPool-1 - Starting...] 
[2024-02-06 14:13:10,502] - [com.zaxxer.hikari.pool.HikariPool] [checkFailFast] -> (INFO) [HikariPool-1 - Added connection com.mysql.cj.jdbc.ConnectionImpl@1246a8cb] 
[2024-02-06 14:13:10,508] - [com.zaxxer.hikari.HikariDataSource] [getConnection] -> (INFO) [HikariPool-1 - Start completed.] 
[2024-02-06 14:13:11,290] - [org.hibernate.engine.transaction.jta.platform.internal.JtaPlatformInitiator] [initiateService] -> (INFO) [HHH000489: No JTA platform available (set 'hibernate.transaction.jta.platform' to enable JTA platform integration)] 
[2024-02-06 14:13:11,334] - [org.springframework.orm.jpa.LocalContainerEntityManagerFactoryBean] [buildNativeEntityManagerFactory] -> (INFO) [Initialized JPA EntityManagerFactory for persistence unit 'default'] 
[2024-02-06 14:13:11,826] - [org.springframework.boot.autoconfigure.orm.jpa.JpaBaseConfiguration$JpaWebConfiguration] [openEntityManagerInViewInterceptor] -> (WARN) [spring.jpa.open-in-view is enabled by default. Therefore, database queries may be performed during view rendering. Explicitly configure spring.jpa.open-in-view to disable this warning] 
[2024-02-06 14:13:12,240] - [org.springframework.boot.devtools.autoconfigure.OptionalLiveReloadServer] [startServer] -> (INFO) [LiveReload server is running on port 35729] 
[2024-02-06 14:13:12,265] - [org.apache.coyote.http11.Http11NioProtocol] [log] -> (INFO) [Starting ProtocolHandler ["http-nio-8081"]] 
[2024-02-06 14:13:12,303] - [org.springframework.boot.web.embedded.tomcat.TomcatWebServer] [start] -> (INFO) [Tomcat started on port 8081 (http) with context path ''] 
[2024-02-06 14:13:12,308] - [com.example.firstSpringProject.FirstSpringProjectApplication] [logStarted] -> (INFO) [Started FirstSpringProjectApplication in 4.799 seconds (process running for 6.824)] 
[2024-02-06 14:13:12,317] - [com.example.firstSpringProject.FirstSpringProjectApplication] [main] -> (INFO) [this is first info] 
[2024-02-06 14:13:17,630] - [org.apache.catalina.core.ContainerBase.[Tomcat].[localhost].[/]] [log] -> (INFO) [Initializing Spring DispatcherServlet 'dispatcherServlet'] 
[2024-02-06 14:13:17,630] - [org.springframework.web.servlet.DispatcherServlet] [initServletBean] -> (INFO) [Initializing Servlet 'dispatcherServlet'] 
[2024-02-06 14:13:17,630] - [org.springframework.web.servlet.DispatcherServlet] [initServletBean] -> (INFO) [Completed initialization in 0 ms] 
[2024-02-06 14:13:17,817] - [org.springframework.web.servlet.mvc.method.annotation.ExceptionHandlerExceptionResolver] [logException] -> (WARN) [Resolved [com.example.firstSpringProject.exception.EmployeeNotFoundException: Employee not exist for given: empName]] 
[2024-02-06 14:15:39,646] - [org.springframework.orm.jpa.LocalContainerEntityManagerFactoryBean] [destroy] -> (INFO) [Closing JPA EntityManagerFactory for persistence unit 'default'] 
[2024-02-06 14:15:39,647] - [com.zaxxer.hikari.HikariDataSource] [close] -> (INFO) [HikariPool-1 - Shutdown initiated...] 
[2024-02-06 14:15:39,657] - [com.zaxxer.hikari.HikariDataSource] [close] -> (INFO) [HikariPool-1 - Shutdown completed.] 
[2024-02-06 14:15:49,604] - [com.example.firstSpringProject.FirstSpringProjectApplication] [logStarting] -> (INFO) [Starting FirstSpringProjectApplication using Java 21.0.2 with PID 27660 (C:\Spring-BootPractice\firstSpringProject\firstSpringProject\target\classes started by amit_k in C:\Spring-BootPractice\firstSpringProject\firstSpringProject)] 
[2024-02-06 14:15:49,619] - [com.example.firstSpringProject.FirstSpringProjectApplication] [logStartupProfileInfo] -> (INFO) [No active profile set, falling back to 1 default profile: "default"] 
[2024-02-06 14:15:49,671] - [org.springframework.boot.devtools.env.DevToolsPropertyDefaultsPostProcessor] [logTo] -> (INFO) [Devtools property defaults active! Set 'spring.devtools.add-properties' to 'false' to disable] 
[2024-02-06 14:15:49,671] - [org.springframework.boot.devtools.env.DevToolsPropertyDefaultsPostProcessor] [logTo] -> (INFO) [For additional web related logging consider setting the 'logging.level.web' property to 'DEBUG'] 
[2024-02-06 14:15:50,416] - [org.springframework.data.repository.config.RepositoryConfigurationDelegate] [registerRepositoriesIn] -> (INFO) [Bootstrapping Spring Data JPA repositories in DEFAULT mode.] 
[2024-02-06 14:15:50,524] - [org.springframework.data.repository.config.RepositoryConfigurationDelegate] [registerRepositoriesIn] -> (INFO) [Finished Spring Data repository scanning in 86 ms. Found 1 JPA repository interface.] 
[2024-02-06 14:15:51,146] - [org.springframework.boot.web.embedded.tomcat.TomcatWebServer] [initialize] -> (INFO) [Tomcat initialized with port 8081 (http)] 
[2024-02-06 14:15:51,163] - [org.apache.coyote.http11.Http11NioProtocol] [log] -> (INFO) [Initializing ProtocolHandler ["http-nio-8081"]] 
[2024-02-06 14:15:51,163] - [org.apache.catalina.core.StandardService] [log] -> (INFO) [Starting service [Tomcat]] 
[2024-02-06 14:15:51,163] - [org.apache.catalina.core.StandardEngine] [log] -> (INFO) [Starting Servlet engine: [Apache Tomcat/10.1.18]] 
[2024-02-06 14:15:51,240] - [org.apache.catalina.core.ContainerBase.[Tomcat].[localhost].[/]] [log] -> (INFO) [Initializing Spring embedded WebApplicationContext] 
[2024-02-06 14:15:51,240] - [org.springframework.boot.web.servlet.context.ServletWebServerApplicationContext] [prepareWebApplicationContext] -> (INFO) [Root WebApplicationContext: initialization completed in 1569 ms] 
[2024-02-06 14:15:51,464] - [org.hibernate.jpa.internal.util.LogHelper] [logPersistenceUnitInformation] -> (INFO) [HHH000204: Processing PersistenceUnitInfo [name: default]] 
[2024-02-06 14:15:51,561] - [org.hibernate.Version] [logVersion] -> (INFO) [HHH000412: Hibernate ORM core version 6.4.1.Final] 
[2024-02-06 14:15:51,606] - [org.hibernate.cache.internal.RegionFactoryInitiator] [initiateService] -> (INFO) [HHH000026: Second-level cache disabled] 
[2024-02-06 14:15:51,863] - [org.springframework.orm.jpa.persistenceunit.SpringPersistenceUnitInfo] [addTransformer] -> (INFO) [No LoadTimeWeaver setup: ignoring JPA class transformer] 
[2024-02-06 14:15:51,892] - [com.zaxxer.hikari.HikariDataSource] [getConnection] -> (INFO) [HikariPool-1 - Starting...] 
[2024-02-06 14:15:52,240] - [com.zaxxer.hikari.pool.HikariPool] [checkFailFast] -> (INFO) [HikariPool-1 - Added connection com.mysql.cj.jdbc.ConnectionImpl@fc08ecc] 
[2024-02-06 14:15:52,240] - [com.zaxxer.hikari.HikariDataSource] [getConnection] -> (INFO) [HikariPool-1 - Start completed.] 
[2024-02-06 14:15:53,144] - [org.hibernate.engine.transaction.jta.platform.internal.JtaPlatformInitiator] [initiateService] -> (INFO) [HHH000489: No JTA platform available (set 'hibernate.transaction.jta.platform' to enable JTA platform integration)] 
[2024-02-06 14:15:53,192] - [org.springframework.orm.jpa.LocalContainerEntityManagerFactoryBean] [buildNativeEntityManagerFactory] -> (INFO) [Initialized JPA EntityManagerFactory for persistence unit 'default'] 
[2024-02-06 14:15:53,782] - [org.springframework.boot.autoconfigure.orm.jpa.JpaBaseConfiguration$JpaWebConfiguration] [openEntityManagerInViewInterceptor] -> (WARN) [spring.jpa.open-in-view is enabled by default. Therefore, database queries may be performed during view rendering. Explicitly configure spring.jpa.open-in-view to disable this warning] 
[2024-02-06 14:15:54,181] - [org.springframework.boot.devtools.autoconfigure.OptionalLiveReloadServer] [startServer] -> (INFO) [LiveReload server is running on port 35729] 
[2024-02-06 14:15:54,198] - [org.apache.coyote.http11.Http11NioProtocol] [log] -> (INFO) [Starting ProtocolHandler ["http-nio-8081"]] 
[2024-02-06 14:15:54,231] - [org.springframework.boot.web.embedded.tomcat.TomcatWebServer] [start] -> (INFO) [Tomcat started on port 8081 (http) with context path ''] 
[2024-02-06 14:15:54,232] - [com.example.firstSpringProject.FirstSpringProjectApplication] [logStarted] -> (INFO) [Started FirstSpringProjectApplication in 4.926 seconds (process running for 6.842)] 
[2024-02-06 14:15:54,246] - [com.example.firstSpringProject.FirstSpringProjectApplication] [main] -> (INFO) [this is first info] 
[2024-02-06 14:16:02,845] - [org.apache.catalina.core.ContainerBase.[Tomcat].[localhost].[/]] [log] -> (INFO) [Initializing Spring DispatcherServlet 'dispatcherServlet'] 
[2024-02-06 14:16:02,846] - [org.springframework.web.servlet.DispatcherServlet] [initServletBean] -> (INFO) [Initializing Servlet 'dispatcherServlet'] 
[2024-02-06 14:16:02,847] - [org.springframework.web.servlet.DispatcherServlet] [initServletBean] -> (INFO) [Completed initialization in 1 ms] 
[2024-02-06 14:16:03,120] - [org.springframework.web.servlet.mvc.method.annotation.ExceptionHandlerExceptionResolver] [logException] -> (WARN) [Resolved [com.example.firstSpringProject.exception.EmployeeNotFoundException: Employee not exist for given: employee name]] 
[2024-02-06 14:17:57,462] - [org.springframework.web.servlet.mvc.method.annotation.ExceptionHandlerExceptionResolver] [logException] -> (WARN) [Resolved [com.example.firstSpringProject.exception.EmployeeNotFoundException: Employee not exist for given: employee name]] 
[2024-02-06 14:18:13,192] - [org.springframework.orm.jpa.LocalContainerEntityManagerFactoryBean] [destroy] -> (INFO) [Closing JPA EntityManagerFactory for persistence unit 'default'] 
[2024-02-06 14:18:13,192] - [com.zaxxer.hikari.HikariDataSource] [close] -> (INFO) [HikariPool-1 - Shutdown initiated...] 
[2024-02-06 14:18:13,196] - [com.zaxxer.hikari.HikariDataSource] [close] -> (INFO) [HikariPool-1 - Shutdown completed.] 
